This is pdfTeX, Version 3.14159265-2.6-1.40.15 (TeX Live 2014) (preloaded format=pdflatex 2015.10.14)  1 NOV 2015 18:50
entering extended mode
 restricted \write18 enabled.
 %&-line parsing enabled.
**maestra.tex
(./maestra.tex
LaTeX2e <2011/06/27>
Babel <3.9k> and hyphenation patterns for 59 languages loaded.
(/usr/share/texlive/texmf-dist/tex/latex/base/report.cls
Document Class: report 2007/10/19 v1.4h Standard LaTeX document class
(/usr/share/texlive/texmf-dist/tex/latex/base/size10.clo
File: size10.clo 2007/10/19 v1.4h Standard LaTeX file (size option)
)
\c@part=\count79
\c@chapter=\count80
\c@section=\count81
\c@subsection=\count82
\c@subsubsection=\count83
\c@paragraph=\count84
\c@subparagraph=\count85
\c@figure=\count86
\c@table=\count87
\abovecaptionskip=\skip41
\belowcaptionskip=\skip42
\bibindent=\dimen102
)
(/usr/share/texlive/texmf-dist/tex/generic/babel/babel.sty
Package: babel 2014/03/24 3.9k The Babel package

(/usr/share/texlive/texmf-dist/tex/generic/babel-spanish/spanish.ldf
Language: spanish.ldf 2014/01/29 v5.0m Spanish support from the babel system

(/usr/share/texlive/texmf-dist/tex/generic/babel/babel.def
File: babel.def 2014/03/24 3.9k Babel common definitions
\babel@savecnt=\count88
\U@D=\dimen103
)
\es@datefmt=\count89
\es@quottoks=\toks14
\es@quotdepth=\count90
Package babel Info: Making " an active character on input line 496.
Package babel Info: Making . an active character on input line 599.
Package babel Info: Making < an active character on input line 644.
Package babel Info: Making > an active character on input line 644.
))
(/usr/share/texlive/texmf-dist/tex/latex/base/fontenc.sty
Package: fontenc 2005/09/27 v1.99g Standard LaTeX package

(/usr/share/texlive/texmf-dist/tex/latex/base/t1enc.def
File: t1enc.def 2005/09/27 v1.99g Standard LaTeX file
LaTeX Font Info:    Redeclaring font encoding T1 on input line 43.
))
(/usr/share/texlive/texmf-dist/tex/latex/psnfss/pifont.sty
Package: pifont 2005/04/12 PSNFSS-v9.2a Pi font support (SPQR) 
LaTeX Font Info:    Try loading font information for U+pzd on input line 63.

(/usr/share/texlive/texmf-dist/tex/latex/psnfss/upzd.fd
File: upzd.fd 2001/06/04 font definitions for U/pzd.
)
LaTeX Font Info:    Try loading font information for U+psy on input line 64.

(/usr/share/texlive/texmf-dist/tex/latex/psnfss/upsy.fd
File: upsy.fd 2001/06/04 font definitions for U/psy.
))
(/usr/share/texlive/texmf-dist/tex/latex/oberdiek/pdflscape.sty
Package: pdflscape 2008/08/11 v0.10 Display of landscape pages in PDF (HO)

(/usr/share/texlive/texmf-dist/tex/latex/graphics/lscape.sty
Package: lscape 2000/10/22 v3.01 Landscape Pages (DPC)

(/usr/share/texlive/texmf-dist/tex/latex/graphics/graphics.sty
Package: graphics 2009/02/05 v1.0o Standard LaTeX Graphics (DPC,SPQR)

(/usr/share/texlive/texmf-dist/tex/latex/graphics/trig.sty
Package: trig 1999/03/16 v1.09 sin cos tan (DPC)
)
(/usr/share/texlive/texmf-dist/tex/latex/latexconfig/graphics.cfg
File: graphics.cfg 2010/04/23 v1.9 graphics configuration of TeX Live
)
Package graphics Info: Driver file: pdftex.def on input line 91.

(/usr/share/texlive/texmf-dist/tex/latex/pdftex-def/pdftex.def
File: pdftex.def 2011/05/27 v0.06d Graphics/color for pdfTeX

(/usr/share/texlive/texmf-dist/tex/generic/oberdiek/infwarerr.sty
Package: infwarerr 2010/04/08 v1.3 Providing info/warning/error messages (HO)
)
(/usr/share/texlive/texmf-dist/tex/generic/oberdiek/ltxcmds.sty
Package: ltxcmds 2011/11/09 v1.22 LaTeX kernel commands for general use (HO)
)
\Gread@gobject=\count91
)))
(/usr/share/texlive/texmf-dist/tex/generic/oberdiek/ifpdf.sty
Package: ifpdf 2011/01/30 v2.3 Provides the ifpdf switch (HO)
Package ifpdf Info: pdfTeX in PDF mode is detected.
)
Package pdflscape Info: Auto-detected driver: pdftex on input line 80.

(/usr/share/texlive/texmf-dist/tex/generic/ifxetex/ifxetex.sty
Package: ifxetex 2010/09/12 v0.6 Provides ifxetex conditional
))
(/usr/share/texlive/texmf-dist/tex/latex/geometry/geometry.sty
Package: geometry 2010/09/12 v5.6 Page Geometry

(/usr/share/texlive/texmf-dist/tex/latex/graphics/keyval.sty
Package: keyval 1999/03/16 v1.13 key=value parser (DPC)
\KV@toks@=\toks15
)
(/usr/share/texlive/texmf-dist/tex/generic/oberdiek/ifvtex.sty
Package: ifvtex 2010/03/01 v1.5 Detect VTeX and its facilities (HO)
Package ifvtex Info: VTeX not detected.
)
\Gm@cnth=\count92
\Gm@cntv=\count93
\c@Gm@tempcnt=\count94
\Gm@bindingoffset=\dimen104
\Gm@wd@mp=\dimen105
\Gm@odd@mp=\dimen106
\Gm@even@mp=\dimen107
\Gm@layoutwidth=\dimen108
\Gm@layoutheight=\dimen109
\Gm@layouthoffset=\dimen110
\Gm@layoutvoffset=\dimen111
\Gm@dimlist=\toks16
)
No file maestra.aux.
\openout1 = `maestra.aux'.

LaTeX Font Info:    Checking defaults for OML/cmm/m/it on input line 23.
LaTeX Font Info:    ... okay on input line 23.
LaTeX Font Info:    Checking defaults for T1/cmr/m/n on input line 23.
LaTeX Font Info:    ... okay on input line 23.
LaTeX Font Info:    Checking defaults for OT1/cmr/m/n on input line 23.
LaTeX Font Info:    ... okay on input line 23.
LaTeX Font Info:    Checking defaults for OMS/cmsy/m/n on input line 23.
LaTeX Font Info:    ... okay on input line 23.
LaTeX Font Info:    Checking defaults for OMX/cmex/m/n on input line 23.
LaTeX Font Info:    ... okay on input line 23.
LaTeX Font Info:    Checking defaults for U/cmr/m/n on input line 23.
LaTeX Font Info:    ... okay on input line 23.
LaTeX Info: Redefining \. on input line 23.
LaTeX Info: Redefining \% on input line 23.
(/usr/share/texlive/texmf-dist/tex/context/base/supp-pdf.mkii
[Loading MPS to PDF converter (version 2006.09.02).]
\scratchcounter=\count95
\scratchdimen=\dimen112
\scratchbox=\box26
\nofMPsegments=\count96
\nofMParguments=\count97
\everyMPshowfont=\toks17
\MPscratchCnt=\count98
\MPscratchDim=\dimen113
\MPnumerator=\count99
\makeMPintoPDFobject=\count100
\everyMPtoPDFconversion=\toks18
) (/usr/share/texlive/texmf-dist/tex/generic/oberdiek/pdftexcmds.sty
Package: pdftexcmds 2011/11/29 v0.20 Utility functions of pdfTeX for LuaTeX (HO
)

(/usr/share/texlive/texmf-dist/tex/generic/oberdiek/ifluatex.sty
Package: ifluatex 2010/03/01 v1.3 Provides the ifluatex switch (HO)
Package ifluatex Info: LuaTeX not detected.
)
Package pdftexcmds Info: LuaTeX not detected.
Package pdftexcmds Info: \pdf@primitive is available.
Package pdftexcmds Info: \pdf@ifprimitive is available.
Package pdftexcmds Info: \pdfdraftmode found.
)
(/usr/share/texlive/texmf-dist/tex/latex/oberdiek/epstopdf-base.sty
Package: epstopdf-base 2010/02/09 v2.5 Base part for package epstopdf

(/usr/share/texlive/texmf-dist/tex/latex/oberdiek/grfext.sty
Package: grfext 2010/08/19 v1.1 Manage graphics extensions (HO)

(/usr/share/texlive/texmf-dist/tex/generic/oberdiek/kvdefinekeys.sty
Package: kvdefinekeys 2011/04/07 v1.3 Define keys (HO)
))
(/usr/share/texlive/texmf-dist/tex/latex/oberdiek/kvoptions.sty
Package: kvoptions 2011/06/30 v3.11 Key value format for package options (HO)

(/usr/share/texlive/texmf-dist/tex/generic/oberdiek/kvsetkeys.sty
Package: kvsetkeys 2012/04/25 v1.16 Key value parser (HO)

(/usr/share/texlive/texmf-dist/tex/generic/oberdiek/etexcmds.sty
Package: etexcmds 2011/02/16 v1.5 Avoid name clashes with e-TeX commands (HO)
Package etexcmds Info: Could not find \expanded.
(etexcmds)             That can mean that you are not using pdfTeX 1.50 or
(etexcmds)             that some package has redefined \expanded.
(etexcmds)             In the latter case, load this package earlier.
)))
Package grfext Info: Graphics extension search list:
(grfext)             [.png,.pdf,.jpg,.mps,.jpeg,.jbig2,.jb2,.PNG,.PDF,.JPG,.JPE
G,.JBIG2,.JB2,.eps]
(grfext)             \AppendGraphicsExtensions on input line 452.

(/usr/share/texlive/texmf-dist/tex/latex/latexconfig/epstopdf-sys.cfg
File: epstopdf-sys.cfg 2010/07/13 v1.3 Configuration of (r)epstopdf for TeX Liv
e
))
*geometry* driver: auto-detecting
*geometry* detected driver: pdftex
*geometry* verbose mode - [ preamble ] result:
* driver: pdftex
* paper: letterpaper
* layout: <same size as paper>
* layoutoffset:(h,v)=(0.0pt,0.0pt)
* modes: 
* h-part:(L,W,R)=(42.67912pt, 528.93675pt, 42.67912pt)
* v-part:(T,H,B)=(42.67912pt, 709.61174pt, 42.67912pt)
* \paperwidth=614.295pt
* \paperheight=794.96999pt
* \textwidth=528.93675pt
* \textheight=709.61174pt
* \oddsidemargin=-29.59087pt
* \evensidemargin=-29.59087pt
* \topmargin=-66.59087pt
* \headheight=12.0pt
* \headsep=25.0pt
* \topskip=10.0pt
* \footskip=30.0pt
* \marginparwidth=65.0pt
* \marginparsep=11.0pt
* \columnsep=10.0pt
* \skip\footins=9.0pt plus 4.0pt minus 2.0pt
* \hoffset=0.0pt
* \voffset=0.0pt
* \mag=1000
* \@twocolumnfalse
* \@twosidefalse
* \@mparswitchfalse
* \@reversemarginfalse
* (1in=72.27pt=25.4mm, 1cm=28.453pt)

LaTeX Font Info:    External font `cmex10' loaded for size
(Font)              <12> on input line 27.
LaTeX Font Info:    External font `cmex10' loaded for size
(Font)              <8> on input line 27.
LaTeX Font Info:    External font `cmex10' loaded for size
(Font)              <6> on input line 27.
[1

{/usr/share/texlive/texmf-dist/fonts/map/pdftex/updmap/pdftex.map}]
(./7e/lily-de089d78-systems.tex
Package epstopdf Info: Source file: <./7e/lily-de089d78-1.eps>
(epstopdf)                    date: 2015-11-01 18:50:38
(epstopdf)                    size: 450925 bytes
(epstopdf)             Output file: <./7e/lily-de089d78-1-eps-converted-to.pdf>

(epstopdf)             Command: <repstopdf --outfile=./7e/lily-de089d78-1-eps-c
onverted-to.pdf ./7e/lily-de089d78-1.eps>
(epstopdf)             \includegraphics on input line 1.
runsystem(repstopdf --outfile=./7e/lily-de089d78-1-eps-converted-to.pdf ./7e/li
ly-de089d78-1.eps)...executed safely (allowed).

Package epstopdf Info: Result file: <./7e/lily-de089d78-1-eps-converted-to.pdf>

(epstopdf)                    date: 2015-11-01 18:50:40
(epstopdf)                    size: 18330 bytes.

<./7e/lily-de089d78-1-eps-converted-to.pdf, id=10, 721.69624pt x 28.105pt>
File: ./7e/lily-de089d78-1-eps-converted-to.pdf Graphic file (type pdf)

<use ./7e/lily-de089d78-1-eps-converted-to.pdf>
Package pdftex.def Info: ./7e/lily-de089d78-1-eps-converted-to.pdf used on inpu
t line 1.
(pdftex.def)             Requested size: 721.69449pt x 28.10492pt.
Package epstopdf Info: Source file: <./7e/lily-de089d78-2.eps>
(epstopdf)                    date: 2015-11-01 18:50:38
(epstopdf)                    size: 451249 bytes
(epstopdf)             Output file: <./7e/lily-de089d78-2-eps-converted-to.pdf>

(epstopdf)             Command: <repstopdf --outfile=./7e/lily-de089d78-2-eps-c
onverted-to.pdf ./7e/lily-de089d78-2.eps>
(epstopdf)             \includegraphics on input line 7.
runsystem(repstopdf --outfile=./7e/lily-de089d78-2-eps-converted-to.pdf ./7e/li
ly-de089d78-2.eps)...executed safely (allowed).

Package epstopdf Info: Result file: <./7e/lily-de089d78-2-eps-converted-to.pdf>

(epstopdf)                    date: 2015-11-01 18:50:41
(epstopdf)                    size: 18318 bytes.

<./7e/lily-de089d78-2-eps-converted-to.pdf, id=11, 721.69624pt x 24.09pt>
File: ./7e/lily-de089d78-2-eps-converted-to.pdf Graphic file (type pdf)

<use ./7e/lily-de089d78-2-eps-converted-to.pdf>
Package pdftex.def Info: ./7e/lily-de089d78-2-eps-converted-to.pdf used on inpu
t line 7.
(pdftex.def)             Requested size: 721.69449pt x 24.08992pt.
Package epstopdf Info: Source file: <./7e/lily-de089d78-3.eps>
(epstopdf)                    date: 2015-11-01 18:50:38
(epstopdf)                    size: 521454 bytes
(epstopdf)             Output file: <./7e/lily-de089d78-3-eps-converted-to.pdf>

(epstopdf)             Command: <repstopdf --outfile=./7e/lily-de089d78-3-eps-c
onverted-to.pdf ./7e/lily-de089d78-3.eps>
(epstopdf)             \includegraphics on input line 13.
runsystem(repstopdf --outfile=./7e/lily-de089d78-3-eps-converted-to.pdf ./7e/li
ly-de089d78-3.eps)...executed safely (allowed).

Package epstopdf Info: Result file: <./7e/lily-de089d78-3-eps-converted-to.pdf>

(epstopdf)                    date: 2015-11-01 18:50:41
(epstopdf)                    size: 53101 bytes.

<./7e/lily-de089d78-3-eps-converted-to.pdf, id=12, 721.69624pt x 399.4925pt>
File: ./7e/lily-de089d78-3-eps-converted-to.pdf Graphic file (type pdf)

<use ./7e/lily-de089d78-3-eps-converted-to.pdf>
Package pdftex.def Info: ./7e/lily-de089d78-3-eps-converted-to.pdf used on inpu
t line 13.
(pdftex.def)             Requested size: 721.69449pt x 399.49152pt.
Package epstopdf Info: Source file: <./7e/lily-de089d78-4.eps>
(epstopdf)                    date: 2015-11-01 18:50:39
(epstopdf)                    size: 479244 bytes
(epstopdf)             Output file: <./7e/lily-de089d78-4-eps-converted-to.pdf>

(epstopdf)             Command: <repstopdf --outfile=./7e/lily-de089d78-4-eps-c
onverted-to.pdf ./7e/lily-de089d78-4.eps>
(epstopdf)             \includegraphics on input line 19.
runsystem(repstopdf --outfile=./7e/lily-de089d78-4-eps-converted-to.pdf ./7e/li
ly-de089d78-4.eps)...executed safely (allowed).

Package epstopdf Info: Result file: <./7e/lily-de089d78-4-eps-converted-to.pdf>

(epstopdf)                    date: 2015-11-01 18:50:42
(epstopdf)                    size: 46512 bytes.

<./7e/lily-de089d78-4-eps-converted-to.pdf, id=13, 721.69624pt x 90.3375pt>
File: ./7e/lily-de089d78-4-eps-converted-to.pdf Graphic file (type pdf)

<use ./7e/lily-de089d78-4-eps-converted-to.pdf>
Package pdftex.def Info: ./7e/lily-de089d78-4-eps-converted-to.pdf used on inpu
t line 19.
(pdftex.def)             Requested size: 721.69449pt x 90.33727pt.
Package epstopdf Info: Source file: <./7e/lily-de089d78-5.eps>
(epstopdf)                    date: 2015-11-01 18:50:39
(epstopdf)                    size: 478240 bytes
(epstopdf)             Output file: <./7e/lily-de089d78-5-eps-converted-to.pdf>

(epstopdf)             Command: <repstopdf --outfile=./7e/lily-de089d78-5-eps-c
onverted-to.pdf ./7e/lily-de089d78-5.eps>
(epstopdf)             \includegraphics on input line 25.
runsystem(repstopdf --outfile=./7e/lily-de089d78-5-eps-converted-to.pdf ./7e/li
ly-de089d78-5.eps)...executed safely (allowed).

Package epstopdf Info: Result file: <./7e/lily-de089d78-5-eps-converted-to.pdf>

(epstopdf)                    date: 2015-11-01 18:50:42
(epstopdf)                    size: 53225 bytes.

<./7e/lily-de089d78-5-eps-converted-to.pdf, id=14, 721.69624pt x 113.42375pt>
File: ./7e/lily-de089d78-5-eps-converted-to.pdf Graphic file (type pdf)

<use ./7e/lily-de089d78-5-eps-converted-to.pdf>
Package pdftex.def Info: ./7e/lily-de089d78-5-eps-converted-to.pdf used on inpu
t line 25.
(pdftex.def)             Requested size: 721.69449pt x 113.42346pt.
Package epstopdf Info: Source file: <./7e/lily-de089d78-6.eps>
(epstopdf)                    date: 2015-11-01 18:50:39
(epstopdf)                    size: 467594 bytes
(epstopdf)             Output file: <./7e/lily-de089d78-6-eps-converted-to.pdf>

(epstopdf)             Command: <repstopdf --outfile=./7e/lily-de089d78-6-eps-c
onverted-to.pdf ./7e/lily-de089d78-6.eps>
(epstopdf)             \includegraphics on input line 31.
runsystem(repstopdf --outfile=./7e/lily-de089d78-6-eps-converted-to.pdf ./7e/li
ly-de089d78-6.eps)...executed safely (allowed).

Package epstopdf Info: Result file: <./7e/lily-de089d78-6-eps-converted-to.pdf>

(epstopdf)                    date: 2015-11-01 18:50:42
(epstopdf)                    size: 35488 bytes.

<./7e/lily-de089d78-6-eps-converted-to.pdf, id=15, 722.7pt x 81.30376pt>
File: ./7e/lily-de089d78-6-eps-converted-to.pdf Graphic file (type pdf)

<use ./7e/lily-de089d78-6-eps-converted-to.pdf>
Package pdftex.def Info: ./7e/lily-de089d78-6-eps-converted-to.pdf used on inpu
t line 31.
(pdftex.def)             Requested size: 722.69823pt x 81.30354pt.
Package epstopdf Info: Source file: <./7e/lily-de089d78-7.eps>
(epstopdf)                    date: 2015-11-01 18:50:39
(epstopdf)                    size: 472674 bytes
(epstopdf)             Output file: <./7e/lily-de089d78-7-eps-converted-to.pdf>

(epstopdf)             Command: <repstopdf --outfile=./7e/lily-de089d78-7-eps-c
onverted-to.pdf ./7e/lily-de089d78-7.eps>
(epstopdf)             \includegraphics on input line 37.
runsystem(repstopdf --outfile=./7e/lily-de089d78-7-eps-converted-to.pdf ./7e/li
ly-de089d78-7.eps)...executed safely (allowed).

Package epstopdf Info: Result file: <./7e/lily-de089d78-7-eps-converted-to.pdf>

(epstopdf)                    date: 2015-11-01 18:50:43
(epstopdf)                    size: 53567 bytes.

<./7e/lily-de089d78-7-eps-converted-to.pdf, id=16, 721.69624pt x 92.345pt>
File: ./7e/lily-de089d78-7-eps-converted-to.pdf Graphic file (type pdf)

<use ./7e/lily-de089d78-7-eps-converted-to.pdf>
Package pdftex.def Info: ./7e/lily-de089d78-7-eps-converted-to.pdf used on inpu
t line 37.
(pdftex.def)             Requested size: 721.69449pt x 92.34476pt.
Package epstopdf Info: Source file: <./7e/lily-de089d78-8.eps>
(epstopdf)                    date: 2015-11-01 18:50:39
(epstopdf)                    size: 473930 bytes
(epstopdf)             Output file: <./7e/lily-de089d78-8-eps-converted-to.pdf>

(epstopdf)             Command: <repstopdf --outfile=./7e/lily-de089d78-8-eps-c
onverted-to.pdf ./7e/lily-de089d78-8.eps>
(epstopdf)             \includegraphics on input line 43.
runsystem(repstopdf --outfile=./7e/lily-de089d78-8-eps-converted-to.pdf ./7e/li
ly-de089d78-8.eps)...executed safely (allowed).

Package epstopdf Info: Result file: <./7e/lily-de089d78-8-eps-converted-to.pdf>

(epstopdf)                    date: 2015-11-01 18:50:43
(epstopdf)                    size: 46345 bytes.

<./7e/lily-de089d78-8-eps-converted-to.pdf, id=17, 721.69624pt x 94.3525pt>
File: ./7e/lily-de089d78-8-eps-converted-to.pdf Graphic file (type pdf)

<use ./7e/lily-de089d78-8-eps-converted-to.pdf>
Package pdftex.def Info: ./7e/lily-de089d78-8-eps-converted-to.pdf used on inpu
t line 43.
(pdftex.def)             Requested size: 721.69449pt x 94.35225pt.
Package epstopdf Info: Source file: <./7e/lily-de089d78-9.eps>
(epstopdf)                    date: 2015-11-01 18:50:39
(epstopdf)                    size: 470893 bytes
(epstopdf)             Output file: <./7e/lily-de089d78-9-eps-converted-to.pdf>

(epstopdf)             Command: <repstopdf --outfile=./7e/lily-de089d78-9-eps-c
onverted-to.pdf ./7e/lily-de089d78-9.eps>
(epstopdf)             \includegraphics on input line 49.
runsystem(repstopdf --outfile=./7e/lily-de089d78-9-eps-converted-to.pdf ./7e/li
ly-de089d78-9.eps)...executed safely (allowed).

Package epstopdf Info: Result file: <./7e/lily-de089d78-9-eps-converted-to.pdf>

(epstopdf)                    date: 2015-11-01 18:50:44
(epstopdf)                    size: 28246 bytes.

<./7e/lily-de089d78-9-eps-converted-to.pdf, id=18, 721.69624pt x 74.2775pt>
File: ./7e/lily-de089d78-9-eps-converted-to.pdf Graphic file (type pdf)

<use ./7e/lily-de089d78-9-eps-converted-to.pdf>
Package pdftex.def Info: ./7e/lily-de089d78-9-eps-converted-to.pdf used on inpu
t line 49.
(pdftex.def)             Requested size: 721.69449pt x 74.27731pt.
Package epstopdf Info: Source file: <./7e/lily-de089d78-10.eps>
(epstopdf)                    date: 2015-11-01 18:50:39
(epstopdf)                    size: 477668 bytes
(epstopdf)             Output file: <./7e/lily-de089d78-10-eps-converted-to.pdf
>
(epstopdf)             Command: <repstopdf --outfile=./7e/lily-de089d78-10-eps-
converted-to.pdf ./7e/lily-de089d78-10.eps>
(epstopdf)             \includegraphics on input line 55.
runsystem(repstopdf --outfile=./7e/lily-de089d78-10-eps-converted-to.pdf ./7e/l
ily-de089d78-10.eps)...executed safely (allowed).

Package epstopdf Info: Result file: <./7e/lily-de089d78-10-eps-converted-to.pdf
>
(epstopdf)                    date: 2015-11-01 18:50:44
(epstopdf)                    size: 29314 bytes.

<./7e/lily-de089d78-10-eps-converted-to.pdf, id=19, 721.69624pt x 81.30376pt>
File: ./7e/lily-de089d78-10-eps-converted-to.pdf Graphic file (type pdf)

<use ./7e/lily-de089d78-10-eps-converted-to.pdf>
Package pdftex.def Info: ./7e/lily-de089d78-10-eps-converted-to.pdf used on inp
ut line 55.
(pdftex.def)             Requested size: 721.69449pt x 81.30354pt.
Package epstopdf Info: Source file: <./7e/lily-de089d78-11.eps>
(epstopdf)                    date: 2015-11-01 18:50:39
(epstopdf)                    size: 491036 bytes
(epstopdf)             Output file: <./7e/lily-de089d78-11-eps-converted-to.pdf
>
(epstopdf)             Command: <repstopdf --outfile=./7e/lily-de089d78-11-eps-
converted-to.pdf ./7e/lily-de089d78-11.eps>
(epstopdf)             \includegraphics on input line 61.
runsystem(repstopdf --outfile=./7e/lily-de089d78-11-eps-converted-to.pdf ./7e/l
ily-de089d78-11.eps)...executed safely (allowed).

Package epstopdf Info: Result file: <./7e/lily-de089d78-11-eps-converted-to.pdf
>
(epstopdf)                    date: 2015-11-01 18:50:45
(epstopdf)                    size: 29545 bytes.

<./7e/lily-de089d78-11-eps-converted-to.pdf, id=20, 721.69624pt x 101.37875pt>
File: ./7e/lily-de089d78-11-eps-converted-to.pdf Graphic file (type pdf)

<use ./7e/lily-de089d78-11-eps-converted-to.pdf>
Package pdftex.def Info: ./7e/lily-de089d78-11-eps-converted-to.pdf used on inp
ut line 61.
(pdftex.def)             Requested size: 721.69449pt x 101.3785pt.
)
Overfull \hbox (12.08275pt too wide) in paragraph at lines 34--46
[]
 []


Overfull \hbox (12.08275pt too wide) in paragraph at lines 34--46
[]
 []


Overfull \hbox (12.08275pt too wide) in paragraph at lines 34--46
[]
 []


Overfull \hbox (12.08275pt too wide) in paragraph at lines 34--46
[]
 []


Overfull \hbox (12.08275pt too wide) in paragraph at lines 34--46
[]
 []


Overfull \hbox (13.08649pt too wide) in paragraph at lines 34--46
[]
 []


Overfull \hbox (12.08275pt too wide) in paragraph at lines 34--46
[]
 []


Overfull \hbox (12.08275pt too wide) in paragraph at lines 34--46
[]
 []


Overfull \hbox (12.08275pt too wide) in paragraph at lines 34--46
[]
 []


Overfull \hbox (12.08275pt too wide) in paragraph at lines 34--46
[]
 []


Overfull \hbox (12.08275pt too wide) in paragraph at lines 34--46
[]
 []


Underfull \hbox (badness 10000) in paragraph at lines 34--46

 []

[1

 <./7e/lily-de089d78-1-eps-converted-to.pdf> <./7e/lily-de089d78-2-eps-converte
d-to.pdf> <./7e/lily-de089d78-3-eps-converted-to.pdf>] [2 <./7e/lily-de089d78-4
-eps-converted-to.pdf> <./7e/lily-de089d78-5-eps-converted-to.pdf> <./7e/lily-d
e089d78-6-eps-converted-to.pdf> <./7e/lily-de089d78-7-eps-converted-to.pdf> <./
7e/lily-de089d78-8-eps-converted-to.pdf>] [3 <./7e/lily-de089d78-9-eps-converte
d-to.pdf> <./7e/lily-de089d78-10-eps-converted-to.pdf> <./7e/lily-de089d78-11-e
ps-converted-to.pdf>] (./b4/lily-6e250105-systems.tex
Package epstopdf Info: Source file: <./b4/lily-6e250105-1.eps>
(epstopdf)                    date: 2015-11-01 18:50:39
(epstopdf)                    size: 352911 bytes
(epstopdf)             Output file: <./b4/lily-6e250105-1-eps-converted-to.pdf>

(epstopdf)             Command: <repstopdf --outfile=./b4/lily-6e250105-1-eps-c
onverted-to.pdf ./b4/lily-6e250105-1.eps>
(epstopdf)             \includegraphics on input line 1.
runsystem(repstopdf --outfile=./b4/lily-6e250105-1-eps-converted-to.pdf ./b4/li
ly-6e250105-1.eps)...executed safely (allowed).

Package epstopdf Info: Result file: <./b4/lily-6e250105-1-eps-converted-to.pdf>

(epstopdf)                    date: 2015-11-01 18:50:45
(epstopdf)                    size: 18194 bytes.

<./b4/lily-6e250105-1-eps-converted-to.pdf, id=139, 528.97626pt x 33.12375pt>
File: ./b4/lily-6e250105-1-eps-converted-to.pdf Graphic file (type pdf)

<use ./b4/lily-6e250105-1-eps-converted-to.pdf>
Package pdftex.def Info: ./b4/lily-6e250105-1-eps-converted-to.pdf used on inpu
t line 1.
(pdftex.def)             Requested size: 528.97496pt x 33.12366pt.
Package epstopdf Info: Source file: <./b4/lily-6e250105-2.eps>
(epstopdf)                    date: 2015-11-01 18:50:39
(epstopdf)                    size: 353130 bytes
(epstopdf)             Output file: <./b4/lily-6e250105-2-eps-converted-to.pdf>

(epstopdf)             Command: <repstopdf --outfile=./b4/lily-6e250105-2-eps-c
onverted-to.pdf ./b4/lily-6e250105-2.eps>
(epstopdf)             \includegraphics on input line 7.
runsystem(repstopdf --outfile=./b4/lily-6e250105-2-eps-converted-to.pdf ./b4/li
ly-6e250105-2.eps)...executed safely (allowed).

Package epstopdf Info: Result file: <./b4/lily-6e250105-2-eps-converted-to.pdf>

(epstopdf)                    date: 2015-11-01 18:50:45
(epstopdf)                    size: 18312 bytes.

<./b4/lily-6e250105-2-eps-converted-to.pdf, id=140, 528.97626pt x 31.11626pt>
File: ./b4/lily-6e250105-2-eps-converted-to.pdf Graphic file (type pdf)

<use ./b4/lily-6e250105-2-eps-converted-to.pdf>
Package pdftex.def Info: ./b4/lily-6e250105-2-eps-converted-to.pdf used on inpu
t line 7.
(pdftex.def)             Requested size: 528.97496pt x 31.11617pt.
Package epstopdf Info: Source file: <./b4/lily-6e250105-3.eps>
(epstopdf)                    date: 2015-11-01 18:50:39
(epstopdf)                    size: 362258 bytes
(epstopdf)             Output file: <./b4/lily-6e250105-3-eps-converted-to.pdf>

(epstopdf)             Command: <repstopdf --outfile=./b4/lily-6e250105-3-eps-c
onverted-to.pdf ./b4/lily-6e250105-3.eps>
(epstopdf)             \includegraphics on input line 13.
runsystem(repstopdf --outfile=./b4/lily-6e250105-3-eps-converted-to.pdf ./b4/li
ly-6e250105-3.eps)...executed safely (allowed).

Package epstopdf Info: Result file: <./b4/lily-6e250105-3-eps-converted-to.pdf>

(epstopdf)                    date: 2015-11-01 18:50:46
(epstopdf)                    size: 28406 bytes.

<./b4/lily-6e250105-3-eps-converted-to.pdf, id=141, 528.97626pt x 55.20625pt>
File: ./b4/lily-6e250105-3-eps-converted-to.pdf Graphic file (type pdf)

<use ./b4/lily-6e250105-3-eps-converted-to.pdf>
Package pdftex.def Info: ./b4/lily-6e250105-3-eps-converted-to.pdf used on inpu
t line 13.
(pdftex.def)             Requested size: 528.97496pt x 55.2061pt.
Package epstopdf Info: Source file: <./b4/lily-6e250105-4.eps>
(epstopdf)                    date: 2015-11-01 18:50:39
(epstopdf)                    size: 362422 bytes
(epstopdf)             Output file: <./b4/lily-6e250105-4-eps-converted-to.pdf>

(epstopdf)             Command: <repstopdf --outfile=./b4/lily-6e250105-4-eps-c
onverted-to.pdf ./b4/lily-6e250105-4.eps>
(epstopdf)             \includegraphics on input line 19.
runsystem(repstopdf --outfile=./b4/lily-6e250105-4-eps-converted-to.pdf ./b4/li
ly-6e250105-4.eps)...executed safely (allowed).

Package epstopdf Info: Result file: <./b4/lily-6e250105-4-eps-converted-to.pdf>

(epstopdf)                    date: 2015-11-01 18:50:46
(epstopdf)                    size: 26562 bytes.

<./b4/lily-6e250105-4-eps-converted-to.pdf, id=142, 528.97626pt x 55.20625pt>
File: ./b4/lily-6e250105-4-eps-converted-to.pdf Graphic file (type pdf)

<use ./b4/lily-6e250105-4-eps-converted-to.pdf>
Package pdftex.def Info: ./b4/lily-6e250105-4-eps-converted-to.pdf used on inpu
t line 19.
(pdftex.def)             Requested size: 528.97496pt x 55.2061pt.
Package epstopdf Info: Source file: <./b4/lily-6e250105-5.eps>
(epstopdf)                    date: 2015-11-01 18:50:39
(epstopdf)                    size: 363443 bytes
(epstopdf)             Output file: <./b4/lily-6e250105-5-eps-converted-to.pdf>

(epstopdf)             Command: <repstopdf --outfile=./b4/lily-6e250105-5-eps-c
onverted-to.pdf ./b4/lily-6e250105-5.eps>
(epstopdf)             \includegraphics on input line 25.
runsystem(repstopdf --outfile=./b4/lily-6e250105-5-eps-converted-to.pdf ./b4/li
ly-6e250105-5.eps)...executed safely (allowed).

Package epstopdf Info: Result file: <./b4/lily-6e250105-5-eps-converted-to.pdf>

(epstopdf)                    date: 2015-11-01 18:50:47
(epstopdf)                    size: 26731 bytes.

<./b4/lily-6e250105-5-eps-converted-to.pdf, id=143, 528.97626pt x 56.21pt>
File: ./b4/lily-6e250105-5-eps-converted-to.pdf Graphic file (type pdf)

<use ./b4/lily-6e250105-5-eps-converted-to.pdf>
Package pdftex.def Info: ./b4/lily-6e250105-5-eps-converted-to.pdf used on inpu
t line 25.
(pdftex.def)             Requested size: 528.97496pt x 56.20985pt.
Package epstopdf Info: Source file: <./b4/lily-6e250105-6.eps>
(epstopdf)                    date: 2015-11-01 18:50:39
(epstopdf)                    size: 358180 bytes
(epstopdf)             Output file: <./b4/lily-6e250105-6-eps-converted-to.pdf>

(epstopdf)             Command: <repstopdf --outfile=./b4/lily-6e250105-6-eps-c
onverted-to.pdf ./b4/lily-6e250105-6.eps>
(epstopdf)             \includegraphics on input line 31.
runsystem(repstopdf --outfile=./b4/lily-6e250105-6-eps-converted-to.pdf ./b4/li
ly-6e250105-6.eps)...executed safely (allowed).

Package epstopdf Info: Result file: <./b4/lily-6e250105-6-eps-converted-to.pdf>

(epstopdf)                    date: 2015-11-01 18:50:47
(epstopdf)                    size: 50363 bytes.

<./b4/lily-6e250105-6-eps-converted-to.pdf, id=144, 528.97626pt x 54.2025pt>
File: ./b4/lily-6e250105-6-eps-converted-to.pdf Graphic file (type pdf)

<use ./b4/lily-6e250105-6-eps-converted-to.pdf>
Package pdftex.def Info: ./b4/lily-6e250105-6-eps-converted-to.pdf used on inpu
t line 31.
(pdftex.def)             Requested size: 528.97496pt x 54.20236pt.
Package epstopdf Info: Source file: <./b4/lily-6e250105-7.eps>
(epstopdf)                    date: 2015-11-01 18:50:39
(epstopdf)                    size: 360025 bytes
(epstopdf)             Output file: <./b4/lily-6e250105-7-eps-converted-to.pdf>

(epstopdf)             Command: <repstopdf --outfile=./b4/lily-6e250105-7-eps-c
onverted-to.pdf ./b4/lily-6e250105-7.eps>
(epstopdf)             \includegraphics on input line 37.
runsystem(repstopdf --outfile=./b4/lily-6e250105-7-eps-converted-to.pdf ./b4/li
ly-6e250105-7.eps)...executed safely (allowed).

Package epstopdf Info: Result file: <./b4/lily-6e250105-7-eps-converted-to.pdf>

(epstopdf)                    date: 2015-11-01 18:50:47
(epstopdf)                    size: 50101 bytes.

<./b4/lily-6e250105-7-eps-converted-to.pdf, id=145, 528.97626pt x 48.18pt>
File: ./b4/lily-6e250105-7-eps-converted-to.pdf Graphic file (type pdf)

<use ./b4/lily-6e250105-7-eps-converted-to.pdf>
Package pdftex.def Info: ./b4/lily-6e250105-7-eps-converted-to.pdf used on inpu
t line 37.
(pdftex.def)             Requested size: 528.97496pt x 48.17986pt.
Package epstopdf Info: Source file: <./b4/lily-6e250105-8.eps>
(epstopdf)                    date: 2015-11-01 18:50:39
(epstopdf)                    size: 363709 bytes
(epstopdf)             Output file: <./b4/lily-6e250105-8-eps-converted-to.pdf>

(epstopdf)             Command: <repstopdf --outfile=./b4/lily-6e250105-8-eps-c
onverted-to.pdf ./b4/lily-6e250105-8.eps>
(epstopdf)             \includegraphics on input line 43.
runsystem(repstopdf --outfile=./b4/lily-6e250105-8-eps-converted-to.pdf ./b4/li
ly-6e250105-8.eps)...executed safely (allowed).

Package epstopdf Info: Result file: <./b4/lily-6e250105-8-eps-converted-to.pdf>

(epstopdf)                    date: 2015-11-01 18:50:48
(epstopdf)                    size: 43159 bytes.

<./b4/lily-6e250105-8-eps-converted-to.pdf, id=146, 528.97626pt x 60.225pt>
File: ./b4/lily-6e250105-8-eps-converted-to.pdf Graphic file (type pdf)

<use ./b4/lily-6e250105-8-eps-converted-to.pdf>
Package pdftex.def Info: ./b4/lily-6e250105-8-eps-converted-to.pdf used on inpu
t line 43.
(pdftex.def)             Requested size: 528.97496pt x 60.22484pt.
Package epstopdf Info: Source file: <./b4/lily-6e250105-9.eps>
(epstopdf)                    date: 2015-11-01 18:50:39
(epstopdf)                    size: 365215 bytes
(epstopdf)             Output file: <./b4/lily-6e250105-9-eps-converted-to.pdf>

(epstopdf)             Command: <repstopdf --outfile=./b4/lily-6e250105-9-eps-c
onverted-to.pdf ./b4/lily-6e250105-9.eps>
(epstopdf)             \includegraphics on input line 49.
runsystem(repstopdf --outfile=./b4/lily-6e250105-9-eps-converted-to.pdf ./b4/li
ly-6e250105-9.eps)...executed safely (allowed).

Package epstopdf Info: Result file: <./b4/lily-6e250105-9-eps-converted-to.pdf>

(epstopdf)                    date: 2015-11-01 18:50:48
(epstopdf)                    size: 27238 bytes.

<./b4/lily-6e250105-9-eps-converted-to.pdf, id=147, 528.97626pt x 68.255pt>
File: ./b4/lily-6e250105-9-eps-converted-to.pdf Graphic file (type pdf)

<use ./b4/lily-6e250105-9-eps-converted-to.pdf>
Package pdftex.def Info: ./b4/lily-6e250105-9-eps-converted-to.pdf used on inpu
t line 49.
(pdftex.def)             Requested size: 528.97496pt x 68.25482pt.
Package epstopdf Info: Source file: <./b4/lily-6e250105-10.eps>
(epstopdf)                    date: 2015-11-01 18:50:39
(epstopdf)                    size: 359562 bytes
(epstopdf)             Output file: <./b4/lily-6e250105-10-eps-converted-to.pdf
>
(epstopdf)             Command: <repstopdf --outfile=./b4/lily-6e250105-10-eps-
converted-to.pdf ./b4/lily-6e250105-10.eps>
(epstopdf)             \includegraphics on input line 55.
runsystem(repstopdf --outfile=./b4/lily-6e250105-10-eps-converted-to.pdf ./b4/l
ily-6e250105-10.eps)...executed safely (allowed).

Package epstopdf Info: Result file: <./b4/lily-6e250105-10-eps-converted-to.pdf
>
(epstopdf)                    date: 2015-11-01 18:50:49
(epstopdf)                    size: 26089 bytes.

<./b4/lily-6e250105-10-eps-converted-to.pdf, id=148, 528.97626pt x 44.165pt>
File: ./b4/lily-6e250105-10-eps-converted-to.pdf Graphic file (type pdf)

<use ./b4/lily-6e250105-10-eps-converted-to.pdf>
Package pdftex.def Info: ./b4/lily-6e250105-10-eps-converted-to.pdf used on inp
ut line 55.
(pdftex.def)             Requested size: 528.97496pt x 44.16487pt.
Package epstopdf Info: Source file: <./b4/lily-6e250105-11.eps>
(epstopdf)                    date: 2015-11-01 18:50:40
(epstopdf)                    size: 357093 bytes
(epstopdf)             Output file: <./b4/lily-6e250105-11-eps-converted-to.pdf
>
(epstopdf)             Command: <repstopdf --outfile=./b4/lily-6e250105-11-eps-
converted-to.pdf ./b4/lily-6e250105-11.eps>
(epstopdf)             \includegraphics on input line 61.
runsystem(repstopdf --outfile=./b4/lily-6e250105-11-eps-converted-to.pdf ./b4/l
ily-6e250105-11.eps)...executed safely (allowed).

Package epstopdf Info: Result file: <./b4/lily-6e250105-11-eps-converted-to.pdf
>
(epstopdf)                    date: 2015-11-01 18:50:49
(epstopdf)                    size: 25818 bytes.

<./b4/lily-6e250105-11-eps-converted-to.pdf, id=149, 528.97626pt x 45.16875pt>
File: ./b4/lily-6e250105-11-eps-converted-to.pdf Graphic file (type pdf)

<use ./b4/lily-6e250105-11-eps-converted-to.pdf>
Package pdftex.def Info: ./b4/lily-6e250105-11-eps-converted-to.pdf used on inp
ut line 61.
(pdftex.def)             Requested size: 528.97496pt x 45.16862pt.
)
Underfull \hbox (badness 10000) in paragraph at lines 51--63

 []

[4

 <./b4/lily-6e250105-1-eps-converted-to.pdf> <./b4/lily-6e250105-2-eps-converte
d-to.pdf> <./b4/lily-6e250105-3-eps-converted-to.pdf> <./b4/lily-6e250105-4-eps
-converted-to.pdf> <./b4/lily-6e250105-5-eps-converted-to.pdf> <./b4/lily-6e250
105-6-eps-converted-to.pdf> <./b4/lily-6e250105-7-eps-converted-to.pdf> <./b4/l
ily-6e250105-8-eps-converted-to.pdf> <./b4/lily-6e250105-9-eps-converted-to.pdf
> <./b4/lily-6e250105-10-eps-converted-to.pdf> <./b4/lily-6e250105-11-eps-conve
rted-to.pdf>] (./maestra.aux
LaTeX Info: Redefining \. on input line 6.
LaTeX Info: Redefining \% on input line 6.
) ) 
Here is how much of TeX's memory you used:
 3067 strings out of 493408
 44108 string characters out of 6144156
 109760 words of memory out of 5000000
 6416 multiletter control sequences out of 15000+600000
 13061 words of font info for 33 fonts, out of 8000000 for 9000
 953 hyphenation exceptions out of 8191
 38i,7n,26p,278b,248s stack positions out of 5000i,500n,10000p,200000b,80000s
{/usr/share/texlive/texmf-dist/fonts/enc/dvips/cm-super/cm-super-t1.enc}</us
r/share/texlive/texmf-dist/fonts/type1/public/tex-gyre/qcsr.pfb></usr/share/tex
live/texmf-dist/fonts/type1/public/tex-gyre/qcsri.pfb></usr/share/texlive/texmf
-dist/fonts/type1/public/cm-super/sfbx2488.pfb></usr/share/texlive/texmf-dist/f
onts/type1/public/cm-super/sfrm1728.pfb></usr/share/texlive/texmf-dist/fonts/ty
pe1/public/cm-super/sfrm2488.pfb></usr/share/texlive/texmf-dist/fonts/type1/pub
lic/cm-super/sfti2074.pfb>
Output written on maestra.pdf (5 pages, 320679 bytes).
PDF statistics:
 264 PDF objects out of 1000 (max. 8388607)
 200 compressed objects within 2 object streams
 0 named destinations out of 1000 (max. 500000)
 111 words of extra memory for PDF output out of 10000 (max. 10000000)

