This is pdfTeX, Version 3.14159265-2.6-1.40.17 (TeX Live 2016) (preloaded format=pdflatex 2017.11.26)  26 NOV 2017 20:34
entering extended mode
 restricted \write18 enabled.
 %&-line parsing enabled.
**lilybook
(./lilybook.tex
LaTeX2e <2016/03/31>
Babel <3.9r> and hyphenation patterns for 3 language(s) loaded.
(/usr/share/texlive/texmf-dist/tex/latex/base/book.cls
Document Class: book 2014/09/29 v1.4h Standard LaTeX document class
(/usr/share/texlive/texmf-dist/tex/latex/base/bk10.clo
File: bk10.clo 2014/09/29 v1.4h Standard LaTeX file (size option)
)
\c@part=\count79
\c@chapter=\count80
\c@section=\count81
\c@subsection=\count82
\c@subsubsection=\count83
\c@paragraph=\count84
\c@subparagraph=\count85
\c@figure=\count86
\c@table=\count87
\abovecaptionskip=\skip41
\belowcaptionskip=\skip42
\bibindent=\dimen102
)
(/usr/share/texlive/texmf-dist/tex/latex/graphics/graphics.sty
Package: graphics 2016/05/09 v1.0r Standard LaTeX Graphics (DPC,SPQR)

(/usr/share/texlive/texmf-dist/tex/latex/graphics/trig.sty
Package: trig 2016/01/03 v1.10 sin cos tan (DPC)
)
(/usr/share/texlive/texmf-dist/tex/latex/graphics-cfg/graphics.cfg
File: graphics.cfg 2016/01/02 v1.10 sample graphics configuration
)
Package graphics Info: Driver file: pdftex.def on input line 96.

(/usr/share/texlive/texmf-dist/tex/latex/graphics-def/pdftex.def
File: pdftex.def 2016/07/10 v0.06j Graphics/color for pdfTeX

(/usr/share/texlive/texmf-dist/tex/generic/oberdiek/infwarerr.sty
Package: infwarerr 2016/05/16 v1.4 Providing info/warning/error messages (HO)
)
(/usr/share/texlive/texmf-dist/tex/generic/oberdiek/ltxcmds.sty
Package: ltxcmds 2016/05/16 v1.23 LaTeX kernel commands for general use (HO)
)
\Gread@gobject=\count88
))

LaTeX Warning: Unused global option(s):
    [letter].

No file lilybook.aux.
\openout1 = `lilybook.aux'.

LaTeX Font Info:    Checking defaults for OML/cmm/m/it on input line 4.
LaTeX Font Info:    ... okay on input line 4.
LaTeX Font Info:    Checking defaults for T1/cmr/m/n on input line 4.
LaTeX Font Info:    ... okay on input line 4.
LaTeX Font Info:    Checking defaults for OT1/cmr/m/n on input line 4.
LaTeX Font Info:    ... okay on input line 4.
LaTeX Font Info:    Checking defaults for OMS/cmsy/m/n on input line 4.
LaTeX Font Info:    ... okay on input line 4.
LaTeX Font Info:    Checking defaults for OMX/cmex/m/n on input line 4.
LaTeX Font Info:    ... okay on input line 4.
LaTeX Font Info:    Checking defaults for U/cmr/m/n on input line 4.
LaTeX Font Info:    ... okay on input line 4.
(/usr/share/texlive/texmf-dist/tex/context/base/mkii/supp-pdf.mkii
[Loading MPS to PDF converter (version 2006.09.02).]
\scratchcounter=\count89
\scratchdimen=\dimen103
\scratchbox=\box26
\nofMPsegments=\count90
\nofMParguments=\count91
\everyMPshowfont=\toks14
\MPscratchCnt=\count92
\MPscratchDim=\dimen104
\MPnumerator=\count93
\makeMPintoPDFobject=\count94
\everyMPtoPDFconversion=\toks15
) (/usr/share/texlive/texmf-dist/tex/generic/oberdiek/pdftexcmds.sty
Package: pdftexcmds 2016/05/21 v0.22 Utility functions of pdfTeX for LuaTeX (HO
)

(/usr/share/texlive/texmf-dist/tex/generic/oberdiek/ifluatex.sty
Package: ifluatex 2016/05/16 v1.4 Provides the ifluatex switch (HO)
Package ifluatex Info: LuaTeX not detected.
)
(/usr/share/texlive/texmf-dist/tex/generic/oberdiek/ifpdf.sty
Package: ifpdf 2016/05/14 v3.1 Provides the ifpdf switch
)
Package pdftexcmds Info: LuaTeX not detected.
Package pdftexcmds Info: \pdf@primitive is available.
Package pdftexcmds Info: \pdf@ifprimitive is available.
Package pdftexcmds Info: \pdfdraftmode found.
)
(/usr/share/texlive/texmf-dist/tex/latex/oberdiek/epstopdf-base.sty
Package: epstopdf-base 2016/05/15 v2.6 Base part for package epstopdf

(/usr/share/texlive/texmf-dist/tex/latex/oberdiek/grfext.sty
Package: grfext 2016/05/16 v1.2 Manage graphics extensions (HO)

(/usr/share/texlive/texmf-dist/tex/generic/oberdiek/kvdefinekeys.sty
Package: kvdefinekeys 2016/05/16 v1.4 Define keys (HO)
))
(/usr/share/texlive/texmf-dist/tex/latex/oberdiek/kvoptions.sty
Package: kvoptions 2016/05/16 v3.12 Key value format for package options (HO)

(/usr/share/texlive/texmf-dist/tex/latex/graphics/keyval.sty
Package: keyval 2014/10/28 v1.15 key=value parser (DPC)
\KV@toks@=\toks16
)
(/usr/share/texlive/texmf-dist/tex/generic/oberdiek/kvsetkeys.sty
Package: kvsetkeys 2016/05/16 v1.17 Key value parser (HO)

(/usr/share/texlive/texmf-dist/tex/generic/oberdiek/etexcmds.sty
Package: etexcmds 2016/05/16 v1.6 Avoid name clashes with e-TeX commands (HO)
Package etexcmds Info: Could not find \expanded.
(etexcmds)             That can mean that you are not using pdfTeX 1.50 or
(etexcmds)             that some package has redefined \expanded.
(etexcmds)             In the latter case, load this package earlier.
)))
Package epstopdf-base Info: Redefining graphics rule for `.eps' on input line 4
38.
Package grfext Info: Graphics extension search list:
(grfext)             [.png,.pdf,.jpg,.mps,.jpeg,.jbig2,.jb2,.PNG,.PDF,.JPG,.JPE
G,.JBIG2,.JB2,.eps]
(grfext)             \AppendGraphicsExtensions on input line 456.

(/usr/share/texlive/texmf-dist/tex/latex/latexconfig/epstopdf-sys.cfg
File: epstopdf-sys.cfg 2010/07/13 v1.3 Configuration of (r)epstopdf for TeX Liv
e
))
Missing character: There is no Ã in font cmr10!
Missing character: There is no º in font cmr10!

(./27/lily-bb6444e8-systems.tex
<./27/lily-bb6444e8-1.pdf, id=1, 207.77625pt x 41.15375pt>
File: ./27/lily-bb6444e8-1.pdf Graphic file (type pdf)

<use ./27/lily-bb6444e8-1.pdf>
Package pdftex.def Info: ./27/lily-bb6444e8-1.pdf used on input line 1.
(pdftex.def)             Requested size: 207.77573pt x 41.15364pt.
) (./fa/lily-e5cf3146-systems.tex
<./fa/lily-e5cf3146-1.pdf, id=2, 112.42pt x 62.2325pt>
File: ./fa/lily-e5cf3146-1.pdf Graphic file (type pdf)

<use ./fa/lily-e5cf3146-1.pdf>
Package pdftex.def Info: ./fa/lily-e5cf3146-1.pdf used on input line 1.
(pdftex.def)             Requested size: 112.41972pt x 62.23235pt.
) (./6d/lily-dc72f8f6-systems.tex
<./6d/lily-dc72f8f6-1.pdf, id=3, 286.06876pt x 58.2175pt>
File: ./6d/lily-dc72f8f6-1.pdf Graphic file (type pdf)

<use ./6d/lily-dc72f8f6-1.pdf>
Package pdftex.def Info: ./6d/lily-dc72f8f6-1.pdf used on input line 1.
(pdftex.def)             Requested size: 286.06805pt x 58.21735pt.

<./6d/lily-dc72f8f6-2.pdf, id=4, 286.06876pt x 40.15pt>
File: ./6d/lily-dc72f8f6-2.pdf Graphic file (type pdf)

<use ./6d/lily-dc72f8f6-2.pdf>
Package pdftex.def Info: ./6d/lily-dc72f8f6-2.pdf used on input line 7.
(pdftex.def)             Requested size: 286.06805pt x 40.14989pt.

<./6d/lily-dc72f8f6-3.pdf, id=5, 286.06876pt x 50.1875pt>
File: ./6d/lily-dc72f8f6-3.pdf Graphic file (type pdf)

<use ./6d/lily-dc72f8f6-3.pdf>
Package pdftex.def Info: ./6d/lily-dc72f8f6-3.pdf used on input line 13.
(pdftex.def)             Requested size: 286.06805pt x 50.18736pt.

<./6d/lily-dc72f8f6-4.pdf, id=6, 286.06876pt x 40.15pt>
File: ./6d/lily-dc72f8f6-4.pdf Graphic file (type pdf)

<use ./6d/lily-dc72f8f6-4.pdf>
Package pdftex.def Info: ./6d/lily-dc72f8f6-4.pdf used on input line 19.
(pdftex.def)             Requested size: 286.06805pt x 40.14989pt.

<./6d/lily-dc72f8f6-5.pdf, id=7, 286.06876pt x 40.15pt>
File: ./6d/lily-dc72f8f6-5.pdf Graphic file (type pdf)

<use ./6d/lily-dc72f8f6-5.pdf>
Package pdftex.def Info: ./6d/lily-dc72f8f6-5.pdf used on input line 25.
(pdftex.def)             Requested size: 286.06805pt x 40.14989pt.
)
Underfull \hbox (badness 10000) in paragraph at lines 54--66
[][]
 []


Underfull \hbox (badness 10000) in paragraph at lines 54--66
[]
 []


Underfull \hbox (badness 10000) in paragraph at lines 54--66
[]
 []


Underfull \hbox (badness 10000) in paragraph at lines 54--66
[]
 []

[1{/usr/share/texlive/texmf-dist/fonts/map/pdftex/updmap/pdftex.map}

 <./27/lily-bb6444e8-1.pdf> <./fa/lily-e5cf3146-1.pdf> <./6d/lily-dc72f8f6-1.pd
f> <./6d/lily-dc72f8f6-2.pdf> <./6d/lily-dc72f8f6-3.pdf> <./6d/lily-dc72f8f6-4.
pdf> <./6d/lily-dc72f8f6-5.pdf>] (./lilybook.aux) ) 
Here is how much of TeX's memory you used:
 1458 strings out of 494946
 21219 string characters out of 6180980
 74675 words of memory out of 5000000
 4753 multiletter control sequences out of 15000+600000
 4161 words of font info for 16 fonts, out of 8000000 for 9000
 14 hyphenation exceptions out of 8191
 38i,4n,23p,230b,181s stack positions out of 5000i,500n,10000p,200000b,80000s
</usr/share/texlive/texmf-di
st/fonts/type1/public/amsfonts/cm/cmr10.pfb></usr/share/texlive/texmf-dist/font
s/type1/public/amsfonts/cm/cmtt10.pfb></usr/share/texlive/texmf-dist/fonts/type
1/public/tex-gyre/qcsb.pfb></usr/share/texlive/texmf-dist/fonts/type1/public/te
x-gyre/qcsr.pfb></usr/share/texlive/texmf-dist/fonts/type1/public/tex-gyre/qcsr
i.pfb>
Output written on lilybook.pdf (1 page, 155860 bytes).
PDF statistics:
 99 PDF objects out of 1000 (max. 8388607)
 73 compressed objects within 1 object stream
 0 named destinations out of 1000 (max. 500000)
 36 words of extra memory for PDF output out of 10000 (max. 10000000)

