This is pdfTeX, Version 3.14159265-2.6-1.40.15 (TeX Live 2014) (preloaded format=pdflatex 2016.1.25)  9 FEB 2016 13:54
entering extended mode
 restricted \write18 enabled.
 %&-line parsing enabled.
**tips.tex
(./tips.tex
LaTeX2e <2011/06/27>
Babel <3.9k> and hyphenation patterns for 59 languages loaded.
(/usr/share/texlive/texmf-dist/tex/latex/base/article.cls
Document Class: article 2007/10/19 v1.4h Standard LaTeX document class
(/usr/share/texlive/texmf-dist/tex/latex/base/size11.clo
File: size11.clo 2007/10/19 v1.4h Standard LaTeX file (size option)
)
\c@part=\count79
\c@section=\count80
\c@subsection=\count81
\c@subsubsection=\count82
\c@paragraph=\count83
\c@subparagraph=\count84
\c@figure=\count85
\c@table=\count86
\abovecaptionskip=\skip41
\belowcaptionskip=\skip42
\bibindent=\dimen102
)
(/usr/share/texlive/texmf-dist/tex/latex/graphics/graphics.sty
Package: graphics 2009/02/05 v1.0o Standard LaTeX Graphics (DPC,SPQR)

(/usr/share/texlive/texmf-dist/tex/latex/graphics/trig.sty
Package: trig 1999/03/16 v1.09 sin cos tan (DPC)
)
(/usr/share/texlive/texmf-dist/tex/latex/latexconfig/graphics.cfg
File: graphics.cfg 2010/04/23 v1.9 graphics configuration of TeX Live
)
Package graphics Info: Driver file: pdftex.def on input line 91.

(/usr/share/texlive/texmf-dist/tex/latex/pdftex-def/pdftex.def
File: pdftex.def 2011/05/27 v0.06d Graphics/color for pdfTeX

(/usr/share/texlive/texmf-dist/tex/generic/oberdiek/infwarerr.sty
Package: infwarerr 2010/04/08 v1.3 Providing info/warning/error messages (HO)
)
(/usr/share/texlive/texmf-dist/tex/generic/oberdiek/ltxcmds.sty
Package: ltxcmds 2011/11/09 v1.22 LaTeX kernel commands for general use (HO)
)
\Gread@gobject=\count87
)) (./tips.aux)
\openout1 = `tips.aux'.

LaTeX Font Info:    Checking defaults for OML/cmm/m/it on input line 8.
LaTeX Font Info:    ... okay on input line 8.
LaTeX Font Info:    Checking defaults for T1/cmr/m/n on input line 8.
LaTeX Font Info:    ... okay on input line 8.
LaTeX Font Info:    Checking defaults for OT1/cmr/m/n on input line 8.
LaTeX Font Info:    ... okay on input line 8.
LaTeX Font Info:    Checking defaults for OMS/cmsy/m/n on input line 8.
LaTeX Font Info:    ... okay on input line 8.
LaTeX Font Info:    Checking defaults for OMX/cmex/m/n on input line 8.
LaTeX Font Info:    ... okay on input line 8.
LaTeX Font Info:    Checking defaults for U/cmr/m/n on input line 8.
LaTeX Font Info:    ... okay on input line 8.
(/usr/share/texlive/texmf-dist/tex/context/base/supp-pdf.mkii
[Loading MPS to PDF converter (version 2006.09.02).]
\scratchcounter=\count88
\scratchdimen=\dimen103
\scratchbox=\box26
\nofMPsegments=\count89
\nofMParguments=\count90
\everyMPshowfont=\toks14
\MPscratchCnt=\count91
\MPscratchDim=\dimen104
\MPnumerator=\count92
\makeMPintoPDFobject=\count93
\everyMPtoPDFconversion=\toks15
) (/usr/share/texlive/texmf-dist/tex/generic/oberdiek/pdftexcmds.sty
Package: pdftexcmds 2011/11/29 v0.20 Utility functions of pdfTeX for LuaTeX (HO
)

(/usr/share/texlive/texmf-dist/tex/generic/oberdiek/ifluatex.sty
Package: ifluatex 2010/03/01 v1.3 Provides the ifluatex switch (HO)
Package ifluatex Info: LuaTeX not detected.
)
(/usr/share/texlive/texmf-dist/tex/generic/oberdiek/ifpdf.sty
Package: ifpdf 2011/01/30 v2.3 Provides the ifpdf switch (HO)
Package ifpdf Info: pdfTeX in PDF mode is detected.
)
Package pdftexcmds Info: LuaTeX not detected.
Package pdftexcmds Info: \pdf@primitive is available.
Package pdftexcmds Info: \pdf@ifprimitive is available.
Package pdftexcmds Info: \pdfdraftmode found.
)
(/usr/share/texlive/texmf-dist/tex/latex/oberdiek/epstopdf-base.sty
Package: epstopdf-base 2010/02/09 v2.5 Base part for package epstopdf

(/usr/share/texlive/texmf-dist/tex/latex/oberdiek/grfext.sty
Package: grfext 2010/08/19 v1.1 Manage graphics extensions (HO)

(/usr/share/texlive/texmf-dist/tex/generic/oberdiek/kvdefinekeys.sty
Package: kvdefinekeys 2011/04/07 v1.3 Define keys (HO)
))
(/usr/share/texlive/texmf-dist/tex/latex/oberdiek/kvoptions.sty
Package: kvoptions 2011/06/30 v3.11 Key value format for package options (HO)

(/usr/share/texlive/texmf-dist/tex/latex/graphics/keyval.sty
Package: keyval 1999/03/16 v1.13 key=value parser (DPC)
\KV@toks@=\toks16
)
(/usr/share/texlive/texmf-dist/tex/generic/oberdiek/kvsetkeys.sty
Package: kvsetkeys 2012/04/25 v1.16 Key value parser (HO)

(/usr/share/texlive/texmf-dist/tex/generic/oberdiek/etexcmds.sty
Package: etexcmds 2011/02/16 v1.5 Avoid name clashes with e-TeX commands (HO)
Package etexcmds Info: Could not find \expanded.
(etexcmds)             That can mean that you are not using pdfTeX 1.50 or
(etexcmds)             that some package has redefined \expanded.
(etexcmds)             In the latter case, load this package earlier.
)))
Package grfext Info: Graphics extension search list:
(grfext)             [.png,.pdf,.jpg,.mps,.jpeg,.jbig2,.jb2,.PNG,.PDF,.JPG,.JPE
G,.JBIG2,.JB2,.eps]
(grfext)             \AppendGraphicsExtensions on input line 452.

(/usr/share/texlive/texmf-dist/tex/latex/latexconfig/epstopdf-sys.cfg
File: epstopdf-sys.cfg 2010/07/13 v1.3 Configuration of (r)epstopdf for TeX Liv
e
))
LaTeX Font Info:    External font `cmex10' loaded for size
(Font)              <12> on input line 10.
LaTeX Font Info:    External font `cmex10' loaded for size
(Font)              <8> on input line 10.
LaTeX Font Info:    External font `cmex10' loaded for size
(Font)              <6> on input line 10.

Underfull \hbox (badness 10000) in paragraph at lines 12--15

 []

(./4f/lily-bbba9c83-systems.tex
<./4f/lily-bbba9c83-1.pdf, id=1, 101.37875pt x 49.18375pt>
File: ./4f/lily-bbba9c83-1.pdf Graphic file (type pdf)

<use ./4f/lily-bbba9c83-1.pdf>
Package pdftex.def Info: ./4f/lily-bbba9c83-1.pdf used on input line 1.
(pdftex.def)             Requested size: 101.3785pt x 49.18361pt.
) (./97/lily-ecfd06e8-systems.tex
<./97/lily-ecfd06e8-1.pdf, id=2, 101.37875pt x 27.10126pt>
File: ./97/lily-ecfd06e8-1.pdf Graphic file (type pdf)

<use ./97/lily-ecfd06e8-1.pdf>
Package pdftex.def Info: ./97/lily-ecfd06e8-1.pdf used on input line 1.
(pdftex.def)             Requested size: 101.3785pt x 27.10118pt.
)
Underfull \hbox (badness 10000) in paragraph at lines 37--49

 []

(./6c/lily-62e1cd08-systems.tex
<./6c/lily-62e1cd08-1.pdf, id=3, 358.33875pt x 31.11626pt>
File: ./6c/lily-62e1cd08-1.pdf Graphic file (type pdf)

<use ./6c/lily-62e1cd08-1.pdf>
Package pdftex.def Info: ./6c/lily-62e1cd08-1.pdf used on input line 1.
(pdftex.def)             Requested size: 358.33788pt x 31.11617pt.
)
Overfull \hbox (12.32956pt too wide) in paragraph at lines 54--66
[]  \OT1/cmr/m/n/10.95 ... 
 []

(./46/lily-441a9572-systems.tex
<./46/lily-441a9572-1.pdf, id=4, 358.33875pt x 34.1275pt>
File: ./46/lily-441a9572-1.pdf Graphic file (type pdf)

<use ./46/lily-441a9572-1.pdf>
Package pdftex.def Info: ./46/lily-441a9572-1.pdf used on input line 1.
(pdftex.def)             Requested size: 358.33788pt x 34.1274pt.
)
Overfull \hbox (12.32956pt too wide) in paragraph at lines 71--83
[]  \OT1/cmr/m/n/10.95 ... 
 []


Underfull \hbox (badness 10000) in paragraph at lines 71--83

 []


Underfull \hbox (badness 10000) in paragraph at lines 84--88

 []

[1

{/usr/share/texlive/texmf-dist/fonts/map/pdftex/updmap/pdftex.map} <./4f/lily-b
bba9c83-1.pdf> <./97/lily-ecfd06e8-1.pdf> <./6c/lily-62e1cd08-1.pdf> <./46/lily
-441a9572-1.pdf>] (./58/lily-9dd5db48-systems.tex
<./58/lily-9dd5db48-1.pdf, id=44, 265.99374pt x 69.25874pt>
File: ./58/lily-9dd5db48-1.pdf Graphic file (type pdf)

<use ./58/lily-9dd5db48-1.pdf>
Package pdftex.def Info: ./58/lily-9dd5db48-1.pdf used on input line 1.
(pdftex.def)             Requested size: 265.99309pt x 69.25856pt.
)
Underfull \hbox (badness 10000) in paragraph at lines 93--105

 []


Underfull \hbox (badness 10000) in paragraph at lines 106--113

 []

(./24/lily-4ba51b08-systems.tex
<./24/lily-4ba51b08-1.pdf, id=45, 159.59625pt x 46.1725pt>
File: ./24/lily-4ba51b08-1.pdf Graphic file (type pdf)

<use ./24/lily-4ba51b08-1.pdf>
Package pdftex.def Info: ./24/lily-4ba51b08-1.pdf used on input line 1.
(pdftex.def)             Requested size: 159.59584pt x 46.17236pt.
) (./46/lily-441a9572-systems.tex
File: ./46/lily-441a9572-1.pdf Graphic file (type pdf)

<use ./46/lily-441a9572-1.pdf>
Package pdftex.def Info: ./46/lily-441a9572-1.pdf used on input line 1.
(pdftex.def)             Requested size: 358.33788pt x 34.1274pt.
)
Overfull \hbox (12.32956pt too wide) in paragraph at lines 138--150
[]  \OT1/cmr/m/n/10.95 ... 
 []

(./a7/lily-6729e0ee-systems.tex
<./a7/lily-6729e0ee-1.pdf, id=46, 358.33875pt x 27.10126pt>
File: ./a7/lily-6729e0ee-1.pdf Graphic file (type pdf)

<use ./a7/lily-6729e0ee-1.pdf>
Package pdftex.def Info: ./a7/lily-6729e0ee-1.pdf used on input line 1.
(pdftex.def)             Requested size: 358.33788pt x 27.10118pt.
)
Overfull \hbox (12.32956pt too wide) in paragraph at lines 155--167
[]  \OT1/cmr/m/n/10.95 ... 
 []


Underfull \hbox (badness 10000) in paragraph at lines 155--167

 []


Underfull \hbox (badness 10000) in paragraph at lines 168--174

 []

[2 <./58/lily-9dd5db48-1.pdf> <./24/lily-4ba51b08-1.pdf> <./a7/lily-6729e0ee-1.
pdf>] (./tips.aux) ) 
Here is how much of TeX's memory you used:
 1482 strings out of 493408
 21566 string characters out of 6144157
 77288 words of memory out of 5000000
 4879 multiletter control sequences out of 15000+600000
 7144 words of font info for 26 fonts, out of 8000000 for 9000
 953 hyphenation exceptions out of 8191
 37i,7n,23p,230b,236s stack positions out of 5000i,500n,10000p,200000b,80000s
</usr/share/texlive/texmf-dist/fonts/type1/public/amsfonts/
cm/cmr10.pfb></usr/share/texlive/texmf-dist/fonts/type1/public/amsfonts/cm/cmr1
2.pfb></usr/share/texlive/texmf-dist/fonts/type1/public/amsfonts/cm/cmr17.pfb><
/usr/share/texlive/texmf-dist/fonts/type1/public/amsfonts/cm/cmtt12.pfb></usr/s
hare/texlive/texmf-dist/fonts/type1/public/tex-gyre/qhvb.pfb>
Output written on tips.pdf (2 pages, 113442 bytes).
PDF statistics:
 83 PDF objects out of 1000 (max. 8388607)
 59 compressed objects within 1 object stream
 0 named destinations out of 1000 (max. 500000)
 36 words of extra memory for PDF output out of 10000 (max. 10000000)

