This is pdfTeX, Version 3.14159265-2.6-1.40.15 (TeX Live 2014) (preloaded format=pdflatex 2015.10.14)  8 NOV 2015 02:26
entering extended mode
 restricted \write18 enabled.
 %&-line parsing enabled.
**noche_de_paz.tex
(./noche_de_paz.tex
LaTeX2e <2011/06/27>
Babel <3.9k> and hyphenation patterns for 59 languages loaded.
(/usr/share/texlive/texmf-dist/tex/latex/base/report.cls
Document Class: report 2007/10/19 v1.4h Standard LaTeX document class
(/usr/share/texlive/texmf-dist/tex/latex/base/size10.clo
File: size10.clo 2007/10/19 v1.4h Standard LaTeX file (size option)
)
\c@part=\count79
\c@chapter=\count80
\c@section=\count81
\c@subsection=\count82
\c@subsubsection=\count83
\c@paragraph=\count84
\c@subparagraph=\count85
\c@figure=\count86
\c@table=\count87
\abovecaptionskip=\skip41
\belowcaptionskip=\skip42
\bibindent=\dimen102
)
(/usr/share/texlive/texmf-dist/tex/generic/babel/babel.sty
Package: babel 2014/03/24 3.9k The Babel package

(/usr/share/texlive/texmf-dist/tex/generic/babel-spanish/spanish.ldf
Language: spanish.ldf 2014/01/29 v5.0m Spanish support from the babel system

(/usr/share/texlive/texmf-dist/tex/generic/babel/babel.def
File: babel.def 2014/03/24 3.9k Babel common definitions
\babel@savecnt=\count88
\U@D=\dimen103
)
\es@datefmt=\count89
\es@quottoks=\toks14
\es@quotdepth=\count90
Package babel Info: Making " an active character on input line 496.
Package babel Info: Making . an active character on input line 599.
Package babel Info: Making < an active character on input line 644.
Package babel Info: Making > an active character on input line 644.
))
(/usr/share/texlive/texmf-dist/tex/latex/base/fontenc.sty
Package: fontenc 2005/09/27 v1.99g Standard LaTeX package

(/usr/share/texlive/texmf-dist/tex/latex/base/t1enc.def
File: t1enc.def 2005/09/27 v1.99g Standard LaTeX file
LaTeX Font Info:    Redeclaring font encoding T1 on input line 43.
))
(/usr/share/texlive/texmf-dist/tex/latex/psnfss/pifont.sty
Package: pifont 2005/04/12 PSNFSS-v9.2a Pi font support (SPQR) 
LaTeX Font Info:    Try loading font information for U+pzd on input line 63.

(/usr/share/texlive/texmf-dist/tex/latex/psnfss/upzd.fd
File: upzd.fd 2001/06/04 font definitions for U/pzd.
)
LaTeX Font Info:    Try loading font information for U+psy on input line 64.

(/usr/share/texlive/texmf-dist/tex/latex/psnfss/upsy.fd
File: upsy.fd 2001/06/04 font definitions for U/psy.
))
(/usr/share/texlive/texmf-dist/tex/latex/oberdiek/pdflscape.sty
Package: pdflscape 2008/08/11 v0.10 Display of landscape pages in PDF (HO)

(/usr/share/texlive/texmf-dist/tex/latex/graphics/lscape.sty
Package: lscape 2000/10/22 v3.01 Landscape Pages (DPC)

(/usr/share/texlive/texmf-dist/tex/latex/graphics/graphics.sty
Package: graphics 2009/02/05 v1.0o Standard LaTeX Graphics (DPC,SPQR)

(/usr/share/texlive/texmf-dist/tex/latex/graphics/trig.sty
Package: trig 1999/03/16 v1.09 sin cos tan (DPC)
)
(/usr/share/texlive/texmf-dist/tex/latex/latexconfig/graphics.cfg
File: graphics.cfg 2010/04/23 v1.9 graphics configuration of TeX Live
)
Package graphics Info: Driver file: pdftex.def on input line 91.

(/usr/share/texlive/texmf-dist/tex/latex/pdftex-def/pdftex.def
File: pdftex.def 2011/05/27 v0.06d Graphics/color for pdfTeX

(/usr/share/texlive/texmf-dist/tex/generic/oberdiek/infwarerr.sty
Package: infwarerr 2010/04/08 v1.3 Providing info/warning/error messages (HO)
)
(/usr/share/texlive/texmf-dist/tex/generic/oberdiek/ltxcmds.sty
Package: ltxcmds 2011/11/09 v1.22 LaTeX kernel commands for general use (HO)
)
\Gread@gobject=\count91
)))
(/usr/share/texlive/texmf-dist/tex/generic/oberdiek/ifpdf.sty
Package: ifpdf 2011/01/30 v2.3 Provides the ifpdf switch (HO)
Package ifpdf Info: pdfTeX in PDF mode is detected.
)
Package pdflscape Info: Auto-detected driver: pdftex on input line 80.

(/usr/share/texlive/texmf-dist/tex/generic/ifxetex/ifxetex.sty
Package: ifxetex 2010/09/12 v0.6 Provides ifxetex conditional
))
(/usr/share/texlive/texmf-dist/tex/latex/geometry/geometry.sty
Package: geometry 2010/09/12 v5.6 Page Geometry

(/usr/share/texlive/texmf-dist/tex/latex/graphics/keyval.sty
Package: keyval 1999/03/16 v1.13 key=value parser (DPC)
\KV@toks@=\toks15
)
(/usr/share/texlive/texmf-dist/tex/generic/oberdiek/ifvtex.sty
Package: ifvtex 2010/03/01 v1.5 Detect VTeX and its facilities (HO)
Package ifvtex Info: VTeX not detected.
)
\Gm@cnth=\count92
\Gm@cntv=\count93
\c@Gm@tempcnt=\count94
\Gm@bindingoffset=\dimen104
\Gm@wd@mp=\dimen105
\Gm@odd@mp=\dimen106
\Gm@even@mp=\dimen107
\Gm@layoutwidth=\dimen108
\Gm@layoutheight=\dimen109
\Gm@layouthoffset=\dimen110
\Gm@layoutvoffset=\dimen111
\Gm@dimlist=\toks16
)
No file noche_de_paz.aux.
\openout1 = `noche_de_paz.aux'.

LaTeX Font Info:    Checking defaults for OML/cmm/m/it on input line 23.
LaTeX Font Info:    ... okay on input line 23.
LaTeX Font Info:    Checking defaults for T1/cmr/m/n on input line 23.
LaTeX Font Info:    ... okay on input line 23.
LaTeX Font Info:    Checking defaults for OT1/cmr/m/n on input line 23.
LaTeX Font Info:    ... okay on input line 23.
LaTeX Font Info:    Checking defaults for OMS/cmsy/m/n on input line 23.
LaTeX Font Info:    ... okay on input line 23.
LaTeX Font Info:    Checking defaults for OMX/cmex/m/n on input line 23.
LaTeX Font Info:    ... okay on input line 23.
LaTeX Font Info:    Checking defaults for U/cmr/m/n on input line 23.
LaTeX Font Info:    ... okay on input line 23.
LaTeX Info: Redefining \. on input line 23.
LaTeX Info: Redefining \% on input line 23.
(/usr/share/texlive/texmf-dist/tex/context/base/supp-pdf.mkii
[Loading MPS to PDF converter (version 2006.09.02).]
\scratchcounter=\count95
\scratchdimen=\dimen112
\scratchbox=\box26
\nofMPsegments=\count96
\nofMParguments=\count97
\everyMPshowfont=\toks17
\MPscratchCnt=\count98
\MPscratchDim=\dimen113
\MPnumerator=\count99
\makeMPintoPDFobject=\count100
\everyMPtoPDFconversion=\toks18
) (/usr/share/texlive/texmf-dist/tex/generic/oberdiek/pdftexcmds.sty
Package: pdftexcmds 2011/11/29 v0.20 Utility functions of pdfTeX for LuaTeX (HO
)

(/usr/share/texlive/texmf-dist/tex/generic/oberdiek/ifluatex.sty
Package: ifluatex 2010/03/01 v1.3 Provides the ifluatex switch (HO)
Package ifluatex Info: LuaTeX not detected.
)
Package pdftexcmds Info: LuaTeX not detected.
Package pdftexcmds Info: \pdf@primitive is available.
Package pdftexcmds Info: \pdf@ifprimitive is available.
Package pdftexcmds Info: \pdfdraftmode found.
)
(/usr/share/texlive/texmf-dist/tex/latex/oberdiek/epstopdf-base.sty
Package: epstopdf-base 2010/02/09 v2.5 Base part for package epstopdf

(/usr/share/texlive/texmf-dist/tex/latex/oberdiek/grfext.sty
Package: grfext 2010/08/19 v1.1 Manage graphics extensions (HO)

(/usr/share/texlive/texmf-dist/tex/generic/oberdiek/kvdefinekeys.sty
Package: kvdefinekeys 2011/04/07 v1.3 Define keys (HO)
))
(/usr/share/texlive/texmf-dist/tex/latex/oberdiek/kvoptions.sty
Package: kvoptions 2011/06/30 v3.11 Key value format for package options (HO)

(/usr/share/texlive/texmf-dist/tex/generic/oberdiek/kvsetkeys.sty
Package: kvsetkeys 2012/04/25 v1.16 Key value parser (HO)

(/usr/share/texlive/texmf-dist/tex/generic/oberdiek/etexcmds.sty
Package: etexcmds 2011/02/16 v1.5 Avoid name clashes with e-TeX commands (HO)
Package etexcmds Info: Could not find \expanded.
(etexcmds)             That can mean that you are not using pdfTeX 1.50 or
(etexcmds)             that some package has redefined \expanded.
(etexcmds)             In the latter case, load this package earlier.
)))
Package grfext Info: Graphics extension search list:
(grfext)             [.png,.pdf,.jpg,.mps,.jpeg,.jbig2,.jb2,.PNG,.PDF,.JPG,.JPE
G,.JBIG2,.JB2,.eps]
(grfext)             \AppendGraphicsExtensions on input line 452.

(/usr/share/texlive/texmf-dist/tex/latex/latexconfig/epstopdf-sys.cfg
File: epstopdf-sys.cfg 2010/07/13 v1.3 Configuration of (r)epstopdf for TeX Liv
e
))
*geometry* driver: auto-detecting
*geometry* detected driver: pdftex
*geometry* verbose mode - [ preamble ] result:
* driver: pdftex
* paper: letterpaper
* layout: <same size as paper>
* layoutoffset:(h,v)=(0.0pt,0.0pt)
* modes: 
* h-part:(L,W,R)=(42.67912pt, 528.93675pt, 42.67912pt)
* v-part:(T,H,B)=(42.67912pt, 709.61174pt, 42.67912pt)
* \paperwidth=614.295pt
* \paperheight=794.96999pt
* \textwidth=528.93675pt
* \textheight=709.61174pt
* \oddsidemargin=-29.59087pt
* \evensidemargin=-29.59087pt
* \topmargin=-66.59087pt
* \headheight=12.0pt
* \headsep=25.0pt
* \topskip=10.0pt
* \footskip=30.0pt
* \marginparwidth=65.0pt
* \marginparsep=11.0pt
* \columnsep=10.0pt
* \skip\footins=9.0pt plus 4.0pt minus 2.0pt
* \hoffset=0.0pt
* \voffset=0.0pt
* \mag=1000
* \@twocolumnfalse
* \@twosidefalse
* \@mparswitchfalse
* \@reversemarginfalse
* (1in=72.27pt=25.4mm, 1cm=28.453pt)

LaTeX Font Info:    External font `cmex10' loaded for size
(Font)              <12> on input line 27.
LaTeX Font Info:    External font `cmex10' loaded for size
(Font)              <8> on input line 27.
LaTeX Font Info:    External font `cmex10' loaded for size
(Font)              <6> on input line 27.
[1

{/usr/share/texlive/texmf-dist/fonts/map/pdftex/updmap/pdftex.map}]
(./73/lily-5d070bf2-systems.tex
Package epstopdf Info: Source file: <./73/lily-5d070bf2-1.eps>
(epstopdf)                    date: 2015-11-08 02:26:33
(epstopdf)                    size: 550726 bytes
(epstopdf)             Output file: <./73/lily-5d070bf2-1-eps-converted-to.pdf>

(epstopdf)             Command: <repstopdf --outfile=./73/lily-5d070bf2-1-eps-c
onverted-to.pdf ./73/lily-5d070bf2-1.eps>
(epstopdf)             \includegraphics on input line 1.
runsystem(repstopdf --outfile=./73/lily-5d070bf2-1-eps-converted-to.pdf ./73/li
ly-5d070bf2-1.eps)...executed safely (allowed).

Package epstopdf Info: Result file: <./73/lily-5d070bf2-1-eps-converted-to.pdf>

(epstopdf)                    date: 2015-11-08 02:26:37
(epstopdf)                    size: 17958 bytes.

<./73/lily-5d070bf2-1-eps-converted-to.pdf, id=10, 715.67375pt x 27.10126pt>
File: ./73/lily-5d070bf2-1-eps-converted-to.pdf Graphic file (type pdf)

<use ./73/lily-5d070bf2-1-eps-converted-to.pdf>
Package pdftex.def Info: ./73/lily-5d070bf2-1-eps-converted-to.pdf used on inpu
t line 1.
(pdftex.def)             Requested size: 715.672pt x 27.10118pt.
Package epstopdf Info: Source file: <./73/lily-5d070bf2-2.eps>
(epstopdf)                    date: 2015-11-08 02:26:33
(epstopdf)                    size: 552044 bytes
(epstopdf)             Output file: <./73/lily-5d070bf2-2-eps-converted-to.pdf>

(epstopdf)             Command: <repstopdf --outfile=./73/lily-5d070bf2-2-eps-c
onverted-to.pdf ./73/lily-5d070bf2-2.eps>
(epstopdf)             \includegraphics on input line 7.
runsystem(repstopdf --outfile=./73/lily-5d070bf2-2-eps-converted-to.pdf ./73/li
ly-5d070bf2-2.eps)...executed safely (allowed).

Package epstopdf Info: Result file: <./73/lily-5d070bf2-2-eps-converted-to.pdf>

(epstopdf)                    date: 2015-11-08 02:26:38
(epstopdf)                    size: 18507 bytes.

<./73/lily-5d070bf2-2-eps-converted-to.pdf, id=11, 715.67375pt x 24.09pt>
File: ./73/lily-5d070bf2-2-eps-converted-to.pdf Graphic file (type pdf)

<use ./73/lily-5d070bf2-2-eps-converted-to.pdf>
Package pdftex.def Info: ./73/lily-5d070bf2-2-eps-converted-to.pdf used on inpu
t line 7.
(pdftex.def)             Requested size: 715.672pt x 24.08992pt.
Package epstopdf Info: Source file: <./73/lily-5d070bf2-3.eps>
(epstopdf)                    date: 2015-11-08 02:26:33
(epstopdf)                    size: 637814 bytes
(epstopdf)             Output file: <./73/lily-5d070bf2-3-eps-converted-to.pdf>

(epstopdf)             Command: <repstopdf --outfile=./73/lily-5d070bf2-3-eps-c
onverted-to.pdf ./73/lily-5d070bf2-3.eps>
(epstopdf)             \includegraphics on input line 13.
runsystem(repstopdf --outfile=./73/lily-5d070bf2-3-eps-converted-to.pdf ./73/li
ly-5d070bf2-3.eps)...executed safely (allowed).

Package epstopdf Info: Result file: <./73/lily-5d070bf2-3-eps-converted-to.pdf>

(epstopdf)                    date: 2015-11-08 02:26:38
(epstopdf)                    size: 91778 bytes.

<./73/lily-5d070bf2-3-eps-converted-to.pdf, id=12, 715.67375pt x 311.1625pt>
File: ./73/lily-5d070bf2-3-eps-converted-to.pdf Graphic file (type pdf)

<use ./73/lily-5d070bf2-3-eps-converted-to.pdf>
Package pdftex.def Info: ./73/lily-5d070bf2-3-eps-converted-to.pdf used on inpu
t line 13.
(pdftex.def)             Requested size: 715.672pt x 311.16174pt.
Package epstopdf Info: Source file: <./73/lily-5d070bf2-4.eps>
(epstopdf)                    date: 2015-11-08 02:26:33
(epstopdf)                    size: 657597 bytes
(epstopdf)             Output file: <./73/lily-5d070bf2-4-eps-converted-to.pdf>

(epstopdf)             Command: <repstopdf --outfile=./73/lily-5d070bf2-4-eps-c
onverted-to.pdf ./73/lily-5d070bf2-4.eps>
(epstopdf)             \includegraphics on input line 19.
runsystem(repstopdf --outfile=./73/lily-5d070bf2-4-eps-converted-to.pdf ./73/li
ly-5d070bf2-4.eps)...executed safely (allowed).

Package epstopdf Info: Result file: <./73/lily-5d070bf2-4-eps-converted-to.pdf>

(epstopdf)                    date: 2015-11-08 02:26:38
(epstopdf)                    size: 69380 bytes.

<./73/lily-5d070bf2-4-eps-converted-to.pdf, id=13, 715.67375pt x 292.09125pt>
File: ./73/lily-5d070bf2-4-eps-converted-to.pdf Graphic file (type pdf)

<use ./73/lily-5d070bf2-4-eps-converted-to.pdf>
Package pdftex.def Info: ./73/lily-5d070bf2-4-eps-converted-to.pdf used on inpu
t line 19.
(pdftex.def)             Requested size: 715.672pt x 292.09052pt.
)
Overfull \hbox (6.06026pt too wide) in paragraph at lines 34--46
[]
 []


Overfull \hbox (6.06026pt too wide) in paragraph at lines 34--46
[]
 []


Overfull \hbox (6.06026pt too wide) in paragraph at lines 34--46
[]
 []


Overfull \hbox (6.06026pt too wide) in paragraph at lines 34--46
[]
 []


Underfull \hbox (badness 10000) in paragraph at lines 34--46

 []

[1

 <./73/lily-5d070bf2-1-eps-converted-to.pdf> <./73/lily-5d070bf2-2-eps-converte
d-to.pdf> <./73/lily-5d070bf2-3-eps-converted-to.pdf>] [2 <./73/lily-5d070bf2-4
-eps-converted-to.pdf>] (./e6/lily-cc02110b-systems.tex
Package epstopdf Info: Source file: <./e6/lily-cc02110b-1.eps>
(epstopdf)                    date: 2015-11-08 02:26:36
(epstopdf)                    size: 474571 bytes
(epstopdf)             Output file: <./e6/lily-cc02110b-1-eps-converted-to.pdf>

(epstopdf)             Command: <repstopdf --outfile=./e6/lily-cc02110b-1-eps-c
onverted-to.pdf ./e6/lily-cc02110b-1.eps>
(epstopdf)             \includegraphics on input line 1.
runsystem(repstopdf --outfile=./e6/lily-cc02110b-1-eps-converted-to.pdf ./e6/li
ly-cc02110b-1.eps)...executed safely (allowed).

Package epstopdf Info: Result file: <./e6/lily-cc02110b-1-eps-converted-to.pdf>

(epstopdf)                    date: 2015-11-08 02:26:39
(epstopdf)                    size: 18003 bytes.

<./e6/lily-cc02110b-1-eps-converted-to.pdf, id=75, 527.9725pt x 29.10875pt>
File: ./e6/lily-cc02110b-1-eps-converted-to.pdf Graphic file (type pdf)

<use ./e6/lily-cc02110b-1-eps-converted-to.pdf>
Package pdftex.def Info: ./e6/lily-cc02110b-1-eps-converted-to.pdf used on inpu
t line 1.
(pdftex.def)             Requested size: 527.9712pt x 29.10867pt.
Package epstopdf Info: Source file: <./e6/lily-cc02110b-2.eps>
(epstopdf)                    date: 2015-11-08 02:26:36
(epstopdf)                    size: 475787 bytes
(epstopdf)             Output file: <./e6/lily-cc02110b-2-eps-converted-to.pdf>

(epstopdf)             Command: <repstopdf --outfile=./e6/lily-cc02110b-2-eps-c
onverted-to.pdf ./e6/lily-cc02110b-2.eps>
(epstopdf)             \includegraphics on input line 7.
runsystem(repstopdf --outfile=./e6/lily-cc02110b-2-eps-converted-to.pdf ./e6/li
ly-cc02110b-2.eps)...executed safely (allowed).

Package epstopdf Info: Result file: <./e6/lily-cc02110b-2-eps-converted-to.pdf>

(epstopdf)                    date: 2015-11-08 02:26:39
(epstopdf)                    size: 18495 bytes.

<./e6/lily-cc02110b-2-eps-converted-to.pdf, id=76, 527.9725pt x 27.10126pt>
File: ./e6/lily-cc02110b-2-eps-converted-to.pdf Graphic file (type pdf)

<use ./e6/lily-cc02110b-2-eps-converted-to.pdf>
Package pdftex.def Info: ./e6/lily-cc02110b-2-eps-converted-to.pdf used on inpu
t line 7.
(pdftex.def)             Requested size: 527.9712pt x 27.10118pt.
Package epstopdf Info: Source file: <./e6/lily-cc02110b-3.eps>
(epstopdf)                    date: 2015-11-08 02:26:36
(epstopdf)                    size: 487725 bytes
(epstopdf)             Output file: <./e6/lily-cc02110b-3-eps-converted-to.pdf>

(epstopdf)             Command: <repstopdf --outfile=./e6/lily-cc02110b-3-eps-c
onverted-to.pdf ./e6/lily-cc02110b-3.eps>
(epstopdf)             \includegraphics on input line 13.
runsystem(repstopdf --outfile=./e6/lily-cc02110b-3-eps-converted-to.pdf ./e6/li
ly-cc02110b-3.eps)...executed safely (allowed).

Package epstopdf Info: Result file: <./e6/lily-cc02110b-3-eps-converted-to.pdf>

(epstopdf)                    date: 2015-11-08 02:26:40
(epstopdf)                    size: 68422 bytes.

<./e6/lily-cc02110b-3-eps-converted-to.pdf, id=77, 527.9725pt x 103.38625pt>
File: ./e6/lily-cc02110b-3-eps-converted-to.pdf Graphic file (type pdf)

<use ./e6/lily-cc02110b-3-eps-converted-to.pdf>
Package pdftex.def Info: ./e6/lily-cc02110b-3-eps-converted-to.pdf used on inpu
t line 13.
(pdftex.def)             Requested size: 527.9712pt x 103.38599pt.
Package epstopdf Info: Source file: <./e6/lily-cc02110b-4.eps>
(epstopdf)                    date: 2015-11-08 02:26:36
(epstopdf)                    size: 492527 bytes
(epstopdf)             Output file: <./e6/lily-cc02110b-4-eps-converted-to.pdf>

(epstopdf)             Command: <repstopdf --outfile=./e6/lily-cc02110b-4-eps-c
onverted-to.pdf ./e6/lily-cc02110b-4.eps>
(epstopdf)             \includegraphics on input line 19.
runsystem(repstopdf --outfile=./e6/lily-cc02110b-4-eps-converted-to.pdf ./e6/li
ly-cc02110b-4.eps)...executed safely (allowed).

Package epstopdf Info: Result file: <./e6/lily-cc02110b-4-eps-converted-to.pdf>

(epstopdf)                    date: 2015-11-08 02:26:40
(epstopdf)                    size: 45715 bytes.

<./e6/lily-cc02110b-4-eps-converted-to.pdf, id=78, 527.9725pt x 86.3225pt>
File: ./e6/lily-cc02110b-4-eps-converted-to.pdf Graphic file (type pdf)

<use ./e6/lily-cc02110b-4-eps-converted-to.pdf>
Package pdftex.def Info: ./e6/lily-cc02110b-4-eps-converted-to.pdf used on inpu
t line 19.
(pdftex.def)             Requested size: 527.9712pt x 86.32227pt.
Package epstopdf Info: Source file: <./e6/lily-cc02110b-5.eps>
(epstopdf)                    date: 2015-11-08 02:26:36
(epstopdf)                    size: 492066 bytes
(epstopdf)             Output file: <./e6/lily-cc02110b-5-eps-converted-to.pdf>

(epstopdf)             Command: <repstopdf --outfile=./e6/lily-cc02110b-5-eps-c
onverted-to.pdf ./e6/lily-cc02110b-5.eps>
(epstopdf)             \includegraphics on input line 25.
runsystem(repstopdf --outfile=./e6/lily-cc02110b-5-eps-converted-to.pdf ./e6/li
ly-cc02110b-5.eps)...executed safely (allowed).

Package epstopdf Info: Result file: <./e6/lily-cc02110b-5-eps-converted-to.pdf>

(epstopdf)                    date: 2015-11-08 02:26:41
(epstopdf)                    size: 45378 bytes.

<./e6/lily-cc02110b-5-eps-converted-to.pdf, id=79, 527.9725pt x 89.33376pt>
File: ./e6/lily-cc02110b-5-eps-converted-to.pdf Graphic file (type pdf)

<use ./e6/lily-cc02110b-5-eps-converted-to.pdf>
Package pdftex.def Info: ./e6/lily-cc02110b-5-eps-converted-to.pdf used on inpu
t line 25.
(pdftex.def)             Requested size: 527.9712pt x 89.33353pt.
)
Underfull \hbox (badness 10000) in paragraph at lines 51--63
[]
 []


Underfull \hbox (badness 10000) in paragraph at lines 51--63
[]
 []


Underfull \hbox (badness 10000) in paragraph at lines 51--63
[]
 []


Underfull \hbox (badness 10000) in paragraph at lines 51--63
[]
 []


Overfull \hbox (1.25613pt too wide) in paragraph at lines 51--63
[]  
 []

[3

 <./e6/lily-cc02110b-1-eps-converted-to.pdf> <./e6/lily-cc02110b-2-eps-converte
d-to.pdf> <./e6/lily-cc02110b-3-eps-converted-to.pdf> <./e6/lily-cc02110b-4-eps
-converted-to.pdf> <./e6/lily-cc02110b-5-eps-converted-to.pdf>]
(./d2/lily-b3a49c76-systems.tex
Package epstopdf Info: Source file: <./d2/lily-b3a49c76-1.eps>
(epstopdf)                    date: 2015-11-08 02:26:34
(epstopdf)                    size: 474603 bytes
(epstopdf)             Output file: <./d2/lily-b3a49c76-1-eps-converted-to.pdf>

(epstopdf)             Command: <repstopdf --outfile=./d2/lily-b3a49c76-1-eps-c
onverted-to.pdf ./d2/lily-b3a49c76-1.eps>
(epstopdf)             \includegraphics on input line 1.
runsystem(repstopdf --outfile=./d2/lily-b3a49c76-1-eps-converted-to.pdf ./d2/li
ly-b3a49c76-1.eps)...executed safely (allowed).

Package epstopdf Info: Result file: <./d2/lily-b3a49c76-1-eps-converted-to.pdf>

(epstopdf)                    date: 2015-11-08 02:26:41
(epstopdf)                    size: 18040 bytes.

<./d2/lily-b3a49c76-1-eps-converted-to.pdf, id=140, 527.9725pt x 31.11626pt>
File: ./d2/lily-b3a49c76-1-eps-converted-to.pdf Graphic file (type pdf)

<use ./d2/lily-b3a49c76-1-eps-converted-to.pdf>
Package pdftex.def Info: ./d2/lily-b3a49c76-1-eps-converted-to.pdf used on inpu
t line 1.
(pdftex.def)             Requested size: 527.9712pt x 31.11617pt.
Package epstopdf Info: Source file: <./d2/lily-b3a49c76-2.eps>
(epstopdf)                    date: 2015-11-08 02:26:34
(epstopdf)                    size: 475771 bytes
(epstopdf)             Output file: <./d2/lily-b3a49c76-2-eps-converted-to.pdf>

(epstopdf)             Command: <repstopdf --outfile=./d2/lily-b3a49c76-2-eps-c
onverted-to.pdf ./d2/lily-b3a49c76-2.eps>
(epstopdf)             \includegraphics on input line 7.
runsystem(repstopdf --outfile=./d2/lily-b3a49c76-2-eps-converted-to.pdf ./d2/li
ly-b3a49c76-2.eps)...executed safely (allowed).

Package epstopdf Info: Result file: <./d2/lily-b3a49c76-2-eps-converted-to.pdf>

(epstopdf)                    date: 2015-11-08 02:26:41
(epstopdf)                    size: 18511 bytes.

<./d2/lily-b3a49c76-2-eps-converted-to.pdf, id=141, 527.9725pt x 28.105pt>
File: ./d2/lily-b3a49c76-2-eps-converted-to.pdf Graphic file (type pdf)

<use ./d2/lily-b3a49c76-2-eps-converted-to.pdf>
Package pdftex.def Info: ./d2/lily-b3a49c76-2-eps-converted-to.pdf used on inpu
t line 7.
(pdftex.def)             Requested size: 527.9712pt x 28.10492pt.
Package epstopdf Info: Source file: <./d2/lily-b3a49c76-3.eps>
(epstopdf)                    date: 2015-11-08 02:26:34
(epstopdf)                    size: 489613 bytes
(epstopdf)             Output file: <./d2/lily-b3a49c76-3-eps-converted-to.pdf>

(epstopdf)             Command: <repstopdf --outfile=./d2/lily-b3a49c76-3-eps-c
onverted-to.pdf ./d2/lily-b3a49c76-3.eps>
(epstopdf)             \includegraphics on input line 13.
runsystem(repstopdf --outfile=./d2/lily-b3a49c76-3-eps-converted-to.pdf ./d2/li
ly-b3a49c76-3.eps)...executed safely (allowed).

Package epstopdf Info: Result file: <./d2/lily-b3a49c76-3-eps-converted-to.pdf>

(epstopdf)                    date: 2015-11-08 02:26:42
(epstopdf)                    size: 68625 bytes.

<./d2/lily-b3a49c76-3-eps-converted-to.pdf, id=142, 527.9725pt x 101.37875pt>
File: ./d2/lily-b3a49c76-3-eps-converted-to.pdf Graphic file (type pdf)

<use ./d2/lily-b3a49c76-3-eps-converted-to.pdf>
Package pdftex.def Info: ./d2/lily-b3a49c76-3-eps-converted-to.pdf used on inpu
t line 13.
(pdftex.def)             Requested size: 527.9712pt x 101.3785pt.
Package epstopdf Info: Source file: <./d2/lily-b3a49c76-4.eps>
(epstopdf)                    date: 2015-11-08 02:26:34
(epstopdf)                    size: 491106 bytes
(epstopdf)             Output file: <./d2/lily-b3a49c76-4-eps-converted-to.pdf>

(epstopdf)             Command: <repstopdf --outfile=./d2/lily-b3a49c76-4-eps-c
onverted-to.pdf ./d2/lily-b3a49c76-4.eps>
(epstopdf)             \includegraphics on input line 19.
runsystem(repstopdf --outfile=./d2/lily-b3a49c76-4-eps-converted-to.pdf ./d2/li
ly-b3a49c76-4.eps)...executed safely (allowed).

Package epstopdf Info: Result file: <./d2/lily-b3a49c76-4-eps-converted-to.pdf>

(epstopdf)                    date: 2015-11-08 02:26:42
(epstopdf)                    size: 45568 bytes.

<./d2/lily-b3a49c76-4-eps-converted-to.pdf, id=143, 527.9725pt x 83.31125pt>
File: ./d2/lily-b3a49c76-4-eps-converted-to.pdf Graphic file (type pdf)

<use ./d2/lily-b3a49c76-4-eps-converted-to.pdf>
Package pdftex.def Info: ./d2/lily-b3a49c76-4-eps-converted-to.pdf used on inpu
t line 19.
(pdftex.def)             Requested size: 527.9712pt x 83.31104pt.
Package epstopdf Info: Source file: <./d2/lily-b3a49c76-5.eps>
(epstopdf)                    date: 2015-11-08 02:26:34
(epstopdf)                    size: 492274 bytes
(epstopdf)             Output file: <./d2/lily-b3a49c76-5-eps-converted-to.pdf>

(epstopdf)             Command: <repstopdf --outfile=./d2/lily-b3a49c76-5-eps-c
onverted-to.pdf ./d2/lily-b3a49c76-5.eps>
(epstopdf)             \includegraphics on input line 25.
runsystem(repstopdf --outfile=./d2/lily-b3a49c76-5-eps-converted-to.pdf ./d2/li
ly-b3a49c76-5.eps)...executed safely (allowed).

Package epstopdf Info: Result file: <./d2/lily-b3a49c76-5-eps-converted-to.pdf>

(epstopdf)                    date: 2015-11-08 02:26:43
(epstopdf)                    size: 45378 bytes.

<./d2/lily-b3a49c76-5-eps-converted-to.pdf, id=144, 527.9725pt x 92.345pt>
File: ./d2/lily-b3a49c76-5-eps-converted-to.pdf Graphic file (type pdf)

<use ./d2/lily-b3a49c76-5-eps-converted-to.pdf>
Package pdftex.def Info: ./d2/lily-b3a49c76-5-eps-converted-to.pdf used on inpu
t line 25.
(pdftex.def)             Requested size: 527.9712pt x 92.34476pt.
)
Underfull \hbox (badness 10000) in paragraph at lines 68--80
[]
 []


Underfull \hbox (badness 10000) in paragraph at lines 68--80
[]
 []


Underfull \hbox (badness 10000) in paragraph at lines 68--80
[]
 []


Underfull \hbox (badness 10000) in paragraph at lines 68--80
[]
 []


Overfull \hbox (1.25613pt too wide) in paragraph at lines 68--80
[]  
 []

[4

 <./d2/lily-b3a49c76-1-eps-converted-to.pdf> <./d2/lily-b3a49c76-2-eps-converte
d-to.pdf> <./d2/lily-b3a49c76-3-eps-converted-to.pdf> <./d2/lily-b3a49c76-4-eps
-converted-to.pdf> <./d2/lily-b3a49c76-5-eps-converted-to.pdf>]
(./f6/lily-4424cd6a-systems.tex
Package epstopdf Info: Source file: <./f6/lily-4424cd6a-1.eps>
(epstopdf)                    date: 2015-11-08 02:26:35
(epstopdf)                    size: 549527 bytes
(epstopdf)             Output file: <./f6/lily-4424cd6a-1-eps-converted-to.pdf>

(epstopdf)             Command: <repstopdf --outfile=./f6/lily-4424cd6a-1-eps-c
onverted-to.pdf ./f6/lily-4424cd6a-1.eps>
(epstopdf)             \includegraphics on input line 1.
runsystem(repstopdf --outfile=./f6/lily-4424cd6a-1-eps-converted-to.pdf ./f6/li
ly-4424cd6a-1.eps)...executed safely (allowed).

Package epstopdf Info: Result file: <./f6/lily-4424cd6a-1-eps-converted-to.pdf>

(epstopdf)                    date: 2015-11-08 02:26:43
(epstopdf)                    size: 17982 bytes.

<./f6/lily-4424cd6a-1-eps-converted-to.pdf, id=206, 527.9725pt x 31.11626pt>
File: ./f6/lily-4424cd6a-1-eps-converted-to.pdf Graphic file (type pdf)

<use ./f6/lily-4424cd6a-1-eps-converted-to.pdf>
Package pdftex.def Info: ./f6/lily-4424cd6a-1-eps-converted-to.pdf used on inpu
t line 1.
(pdftex.def)             Requested size: 527.9712pt x 31.11617pt.
Package epstopdf Info: Source file: <./f6/lily-4424cd6a-2.eps>
(epstopdf)                    date: 2015-11-08 02:26:35
(epstopdf)                    size: 550791 bytes
(epstopdf)             Output file: <./f6/lily-4424cd6a-2-eps-converted-to.pdf>

(epstopdf)             Command: <repstopdf --outfile=./f6/lily-4424cd6a-2-eps-c
onverted-to.pdf ./f6/lily-4424cd6a-2.eps>
(epstopdf)             \includegraphics on input line 7.
runsystem(repstopdf --outfile=./f6/lily-4424cd6a-2-eps-converted-to.pdf ./f6/li
ly-4424cd6a-2.eps)...executed safely (allowed).

Package epstopdf Info: Result file: <./f6/lily-4424cd6a-2-eps-converted-to.pdf>

(epstopdf)                    date: 2015-11-08 02:26:44
(epstopdf)                    size: 18511 bytes.

<./f6/lily-4424cd6a-2-eps-converted-to.pdf, id=207, 527.9725pt x 28.105pt>
File: ./f6/lily-4424cd6a-2-eps-converted-to.pdf Graphic file (type pdf)

<use ./f6/lily-4424cd6a-2-eps-converted-to.pdf>
Package pdftex.def Info: ./f6/lily-4424cd6a-2-eps-converted-to.pdf used on inpu
t line 7.
(pdftex.def)             Requested size: 527.9712pt x 28.10492pt.
Package epstopdf Info: Source file: <./f6/lily-4424cd6a-3.eps>
(epstopdf)                    date: 2015-11-08 02:26:35
(epstopdf)                    size: 564316 bytes
(epstopdf)             Output file: <./f6/lily-4424cd6a-3-eps-converted-to.pdf>

(epstopdf)             Command: <repstopdf --outfile=./f6/lily-4424cd6a-3-eps-c
onverted-to.pdf ./f6/lily-4424cd6a-3.eps>
(epstopdf)             \includegraphics on input line 13.
runsystem(repstopdf --outfile=./f6/lily-4424cd6a-3-eps-converted-to.pdf ./f6/li
ly-4424cd6a-3.eps)...executed safely (allowed).

Package epstopdf Info: Result file: <./f6/lily-4424cd6a-3-eps-converted-to.pdf>

(epstopdf)                    date: 2015-11-08 02:26:44
(epstopdf)                    size: 85162 bytes.

<./f6/lily-4424cd6a-3-eps-converted-to.pdf, id=208, 527.9725pt x 104.39pt>
File: ./f6/lily-4424cd6a-3-eps-converted-to.pdf Graphic file (type pdf)

<use ./f6/lily-4424cd6a-3-eps-converted-to.pdf>
Package pdftex.def Info: ./f6/lily-4424cd6a-3-eps-converted-to.pdf used on inpu
t line 13.
(pdftex.def)             Requested size: 527.9712pt x 104.38972pt.
Package epstopdf Info: Source file: <./f6/lily-4424cd6a-4.eps>
(epstopdf)                    date: 2015-11-08 02:26:35
(epstopdf)                    size: 566033 bytes
(epstopdf)             Output file: <./f6/lily-4424cd6a-4-eps-converted-to.pdf>

(epstopdf)             Command: <repstopdf --outfile=./f6/lily-4424cd6a-4-eps-c
onverted-to.pdf ./f6/lily-4424cd6a-4.eps>
(epstopdf)             \includegraphics on input line 19.
runsystem(repstopdf --outfile=./f6/lily-4424cd6a-4-eps-converted-to.pdf ./f6/li
ly-4424cd6a-4.eps)...executed safely (allowed).

Package epstopdf Info: Result file: <./f6/lily-4424cd6a-4-eps-converted-to.pdf>

(epstopdf)                    date: 2015-11-08 02:26:45
(epstopdf)                    size: 62044 bytes.

<./f6/lily-4424cd6a-4-eps-converted-to.pdf, id=209, 527.9725pt x 85.31876pt>
File: ./f6/lily-4424cd6a-4-eps-converted-to.pdf Graphic file (type pdf)

<use ./f6/lily-4424cd6a-4-eps-converted-to.pdf>
Package pdftex.def Info: ./f6/lily-4424cd6a-4-eps-converted-to.pdf used on inpu
t line 19.
(pdftex.def)             Requested size: 527.9712pt x 85.31853pt.
Package epstopdf Info: Source file: <./f6/lily-4424cd6a-5.eps>
(epstopdf)                    date: 2015-11-08 02:26:35
(epstopdf)                    size: 567043 bytes
(epstopdf)             Output file: <./f6/lily-4424cd6a-5-eps-converted-to.pdf>

(epstopdf)             Command: <repstopdf --outfile=./f6/lily-4424cd6a-5-eps-c
onverted-to.pdf ./f6/lily-4424cd6a-5.eps>
(epstopdf)             \includegraphics on input line 25.
runsystem(repstopdf --outfile=./f6/lily-4424cd6a-5-eps-converted-to.pdf ./f6/li
ly-4424cd6a-5.eps)...executed safely (allowed).

Package epstopdf Info: Result file: <./f6/lily-4424cd6a-5-eps-converted-to.pdf>

(epstopdf)                    date: 2015-11-08 02:26:45
(epstopdf)                    size: 61868 bytes.

<./f6/lily-4424cd6a-5-eps-converted-to.pdf, id=210, 527.9725pt x 90.3375pt>
File: ./f6/lily-4424cd6a-5-eps-converted-to.pdf Graphic file (type pdf)

<use ./f6/lily-4424cd6a-5-eps-converted-to.pdf>
Package pdftex.def Info: ./f6/lily-4424cd6a-5-eps-converted-to.pdf used on inpu
t line 25.
(pdftex.def)             Requested size: 527.9712pt x 90.33727pt.
)
Underfull \hbox (badness 10000) in paragraph at lines 85--97
[]
 []


Underfull \hbox (badness 10000) in paragraph at lines 85--97
[]
 []


Underfull \hbox (badness 10000) in paragraph at lines 85--97
[]
 []


Underfull \hbox (badness 10000) in paragraph at lines 85--97
[]
 []


Overfull \hbox (1.25613pt too wide) in paragraph at lines 85--97
[]  
 []

[5

 <./f6/lily-4424cd6a-1-eps-converted-to.pdf> <./f6/lily-4424cd6a-2-eps-converte
d-to.pdf> <./f6/lily-4424cd6a-3-eps-converted-to.pdf> <./f6/lily-4424cd6a-4-eps
-converted-to.pdf> <./f6/lily-4424cd6a-5-eps-converted-to.pdf>]
(./83/lily-7bb8d2ed-systems.tex
Package epstopdf Info: Source file: <./83/lily-7bb8d2ed-1.eps>
(epstopdf)                    date: 2015-11-08 02:26:36
(epstopdf)                    size: 474483 bytes
(epstopdf)             Output file: <./83/lily-7bb8d2ed-1-eps-converted-to.pdf>

(epstopdf)             Command: <repstopdf --outfile=./83/lily-7bb8d2ed-1-eps-c
onverted-to.pdf ./83/lily-7bb8d2ed-1.eps>
(epstopdf)             \includegraphics on input line 1.
runsystem(repstopdf --outfile=./83/lily-7bb8d2ed-1-eps-converted-to.pdf ./83/li
ly-7bb8d2ed-1.eps)...executed safely (allowed).

Package epstopdf Info: Result file: <./83/lily-7bb8d2ed-1-eps-converted-to.pdf>

(epstopdf)                    date: 2015-11-08 02:26:46
(epstopdf)                    size: 17969 bytes.

<./83/lily-7bb8d2ed-1-eps-converted-to.pdf, id=278, 527.9725pt x 31.11626pt>
File: ./83/lily-7bb8d2ed-1-eps-converted-to.pdf Graphic file (type pdf)

<use ./83/lily-7bb8d2ed-1-eps-converted-to.pdf>
Package pdftex.def Info: ./83/lily-7bb8d2ed-1-eps-converted-to.pdf used on inpu
t line 1.
(pdftex.def)             Requested size: 527.9712pt x 31.11617pt.
Package epstopdf Info: Source file: <./83/lily-7bb8d2ed-2.eps>
(epstopdf)                    date: 2015-11-08 02:26:36
(epstopdf)                    size: 475771 bytes
(epstopdf)             Output file: <./83/lily-7bb8d2ed-2-eps-converted-to.pdf>

(epstopdf)             Command: <repstopdf --outfile=./83/lily-7bb8d2ed-2-eps-c
onverted-to.pdf ./83/lily-7bb8d2ed-2.eps>
(epstopdf)             \includegraphics on input line 7.
runsystem(repstopdf --outfile=./83/lily-7bb8d2ed-2-eps-converted-to.pdf ./83/li
ly-7bb8d2ed-2.eps)...executed safely (allowed).

Package epstopdf Info: Result file: <./83/lily-7bb8d2ed-2-eps-converted-to.pdf>

(epstopdf)                    date: 2015-11-08 02:26:46
(epstopdf)                    size: 18511 bytes.

<./83/lily-7bb8d2ed-2-eps-converted-to.pdf, id=279, 527.9725pt x 28.105pt>
File: ./83/lily-7bb8d2ed-2-eps-converted-to.pdf Graphic file (type pdf)

<use ./83/lily-7bb8d2ed-2-eps-converted-to.pdf>
Package pdftex.def Info: ./83/lily-7bb8d2ed-2-eps-converted-to.pdf used on inpu
t line 7.
(pdftex.def)             Requested size: 527.9712pt x 28.10492pt.
Package epstopdf Info: Source file: <./83/lily-7bb8d2ed-3.eps>
(epstopdf)                    date: 2015-11-08 02:26:36
(epstopdf)                    size: 489165 bytes
(epstopdf)             Output file: <./83/lily-7bb8d2ed-3-eps-converted-to.pdf>

(epstopdf)             Command: <repstopdf --outfile=./83/lily-7bb8d2ed-3-eps-c
onverted-to.pdf ./83/lily-7bb8d2ed-3.eps>
(epstopdf)             \includegraphics on input line 13.
runsystem(repstopdf --outfile=./83/lily-7bb8d2ed-3-eps-converted-to.pdf ./83/li
ly-7bb8d2ed-3.eps)...executed safely (allowed).

Package epstopdf Info: Result file: <./83/lily-7bb8d2ed-3-eps-converted-to.pdf>

(epstopdf)                    date: 2015-11-08 02:26:46
(epstopdf)                    size: 68391 bytes.

<./83/lily-7bb8d2ed-3-eps-converted-to.pdf, id=280, 527.9725pt x 106.3975pt>
File: ./83/lily-7bb8d2ed-3-eps-converted-to.pdf Graphic file (type pdf)

<use ./83/lily-7bb8d2ed-3-eps-converted-to.pdf>
Package pdftex.def Info: ./83/lily-7bb8d2ed-3-eps-converted-to.pdf used on inpu
t line 13.
(pdftex.def)             Requested size: 527.9712pt x 106.39723pt.
Package epstopdf Info: Source file: <./83/lily-7bb8d2ed-4.eps>
(epstopdf)                    date: 2015-11-08 02:26:36
(epstopdf)                    size: 490887 bytes
(epstopdf)             Output file: <./83/lily-7bb8d2ed-4-eps-converted-to.pdf>

(epstopdf)             Command: <repstopdf --outfile=./83/lily-7bb8d2ed-4-eps-c
onverted-to.pdf ./83/lily-7bb8d2ed-4.eps>
(epstopdf)             \includegraphics on input line 19.
runsystem(repstopdf --outfile=./83/lily-7bb8d2ed-4-eps-converted-to.pdf ./83/li
ly-7bb8d2ed-4.eps)...executed safely (allowed).

Package epstopdf Info: Result file: <./83/lily-7bb8d2ed-4-eps-converted-to.pdf>

(epstopdf)                    date: 2015-11-08 02:26:47
(epstopdf)                    size: 45292 bytes.

<./83/lily-7bb8d2ed-4-eps-converted-to.pdf, id=281, 527.9725pt x 87.32625pt>
File: ./83/lily-7bb8d2ed-4-eps-converted-to.pdf Graphic file (type pdf)

<use ./83/lily-7bb8d2ed-4-eps-converted-to.pdf>
Package pdftex.def Info: ./83/lily-7bb8d2ed-4-eps-converted-to.pdf used on inpu
t line 19.
(pdftex.def)             Requested size: 527.9712pt x 87.32603pt.
Package epstopdf Info: Source file: <./83/lily-7bb8d2ed-5.eps>
(epstopdf)                    date: 2015-11-08 02:26:36
(epstopdf)                    size: 491905 bytes
(epstopdf)             Output file: <./83/lily-7bb8d2ed-5-eps-converted-to.pdf>

(epstopdf)             Command: <repstopdf --outfile=./83/lily-7bb8d2ed-5-eps-c
onverted-to.pdf ./83/lily-7bb8d2ed-5.eps>
(epstopdf)             \includegraphics on input line 25.
runsystem(repstopdf --outfile=./83/lily-7bb8d2ed-5-eps-converted-to.pdf ./83/li
ly-7bb8d2ed-5.eps)...executed safely (allowed).

Package epstopdf Info: Result file: <./83/lily-7bb8d2ed-5-eps-converted-to.pdf>

(epstopdf)                    date: 2015-11-08 02:26:47
(epstopdf)                    size: 45141 bytes.

<./83/lily-7bb8d2ed-5-eps-converted-to.pdf, id=282, 527.9725pt x 90.3375pt>
File: ./83/lily-7bb8d2ed-5-eps-converted-to.pdf Graphic file (type pdf)

<use ./83/lily-7bb8d2ed-5-eps-converted-to.pdf>
Package pdftex.def Info: ./83/lily-7bb8d2ed-5-eps-converted-to.pdf used on inpu
t line 25.
(pdftex.def)             Requested size: 527.9712pt x 90.33727pt.
)
Underfull \hbox (badness 10000) in paragraph at lines 102--114
[]
 []


Underfull \hbox (badness 10000) in paragraph at lines 102--114
[]
 []


Underfull \hbox (badness 10000) in paragraph at lines 102--114
[]
 []


Underfull \hbox (badness 10000) in paragraph at lines 102--114
[]
 []


Overfull \hbox (1.25613pt too wide) in paragraph at lines 102--114
[]  
 []

[6

 <./83/lily-7bb8d2ed-1-eps-converted-to.pdf> <./83/lily-7bb8d2ed-2-eps-converte
d-to.pdf> <./83/lily-7bb8d2ed-3-eps-converted-to.pdf> <./83/lily-7bb8d2ed-4-eps
-converted-to.pdf> <./83/lily-7bb8d2ed-5-eps-converted-to.pdf>]
(./noche_de_paz.aux
LaTeX Info: Redefining \. on input line 6.
LaTeX Info: Redefining \% on input line 6.
) ) 
Here is how much of TeX's memory you used:
 3092 strings out of 493408
 44788 string characters out of 6144156
 108786 words of memory out of 5000000
 6424 multiletter control sequences out of 15000+600000
 13061 words of font info for 33 fonts, out of 8000000 for 9000
 953 hyphenation exceptions out of 8191
 38i,7n,26p,283b,248s stack positions out of 5000i,500n,10000p,200000b,80000s
{/usr/share/texlive/texmf-dist/fonts/enc/dvips/cm-super/cm-super-t1.enc}</us
r/share/texlive/texmf-dist/fonts/type1/public/tex-gyre/qcsb.pfb></usr/share/tex
live/texmf-dist/fonts/type1/public/tex-gyre/qcsr.pfb></usr/share/texlive/texmf-
dist/fonts/type1/public/tex-gyre/qcsri.pfb></usr/share/texlive/texmf-dist/fonts
/type1/public/tex-gyre/qhvr.pfb></usr/share/texlive/texmf-dist/fonts/type1/publ
ic/cm-super/sfbx2488.pfb></usr/share/texlive/texmf-dist/fonts/type1/public/cm-s
uper/sfrm1728.pfb></usr/share/texlive/texmf-dist/fonts/type1/public/cm-super/sf
rm2488.pfb></usr/share/texlive/texmf-dist/fonts/type1/public/cm-super/sfti2074.
pfb>
Output written on noche_de_paz.pdf (7 pages, 405551 bytes).
PDF statistics:
 364 PDF objects out of 1000 (max. 8388607)
 282 compressed objects within 3 object streams
 0 named destinations out of 1000 (max. 500000)
 121 words of extra memory for PDF output out of 10000 (max. 10000000)

